                                  .:HMMMMHn:.  ..:n..
                                .H*'``     `'%HM'''''!x.
         :x                    x*`           .(MH:    `#h.
        x.`M                   M>        :nMMMMMMMh.     `n.
         *kXk..                XL  nnx:.XMMMMMMMMMMML   .. 4X.
          )MMMMMx              'M   `^?M*MMMMMMMMMMMM:HMMMHHMM.
          MMMMMMMX              ?k    'X ..'*MMMMMMM.#MMMMMMMMMx
         XMMMMMMMX               4:    M:MhHxxHHHx`MMx`MMMMMMMMM>
         XM!`   ?M                `x   4MM'`''``HHhMMX  'MMMMMMMM
         4M      M                 `:   *>     `` .('MX   '*MMMM'
          MX     `X.nnx..                        ..XMx`     'M*X
           ?h.    ''```^'*!Hx.     :Mf     xHMh  M**MMM      4L`
            `*Mx           `'*n.x. 4M>   :M` `` 'M    `       %
             '%                ``*MHMX   X>      !
            :!                    `#MM>  X>      `   :x
           :M                        ?M  `X     .  ..'M
           XX                       .!*X  `x   XM( MMx`h
          'M>::                        `M: `+  MMX XMM `:
          'M> M                         'X    'MMX ?MMk.Xx..
          'M> ?L                     ...:!     MMX.H**'MMMM*h
           M>  #L                  :!'`MM.    . X*`.xHMMMMMnMk.
           `!   #h.      :L           XM'*hxHMM*MhHMMMMMMMMMM'#h
           +     XMh:    4!      x   :f   MM'   `*MMMMMMMMMM%  `X
           M     Mf``tHhxHM      M>  4k xxX'      `#MMMMMMMf    `M .>
          :f     M   `MMMMM:     M>   M!MMM:         '*MMf'     'MH*
          !     Xf   'MMMMMX     `X   X>'h.`          :P*Mx.   .d*~..
        :M      X     4MMMMM>     !   X~ `Mh.      .nHL..M#'%nnMhH!'`
       XM      d>     'X`'**h     'h  M   ^'MMHH+*'`  ''''   `'**'
    %nxM>      *x+x.:. XL.. `k     `::X
:nMMHMMM:.  X>  Mn`*MMMMMHM: `:     ?MMn.
    `'**MML M>  'MMhMMMMMMMM  #      `M:^*x
         ^*MMttnnMMMMMMMMMMMH>.        M:.4X
                        `MMMM>X   (   .MMM:MM!   .
                          `'''4x.dX  +^ `''MMMMHM?L..
                                ``'           `'`'`'`



       This is Idefix v0.7.1-67-g309828a
         Compiled for GPU (nvidia-CUDA) 
-----------------------------------------------------------------------------
Input Parameters using input file idefix.ini:
-----------------------------------------------------------------------------
[Boundary]
	X1-beg		userdef
	X1-end		userdef
	X2-beg		periodic
	X2-end		periodic
	X3-beg		outflow
	X3-end		outflow
[CommandLine]
	dec		4	1	2
[Grid]
	X1-grid		2	0.3	512	u	1.9	128	s-	6.0
	X2-grid		1	-0.05	32	u	0.05
	X3-grid		3	-6.0	64	s+	-0.4	256	u	0.4	64	s-	6.0
[Hydro]
	ambipolar		rkl	userdef
	gamma		1.05
	gravPotential		userdef
	resistivity		rkl	userdef
	solver		hlld
[Output]
	dmp		50.0
	log		100
	vtk		0.1
[Setup]
	Am		1.0
	Hideal		6.0
	beta		10000
	dampingZone		1.1
	densityFloor		1.0e-12
	h0		0.05
	h0Top		0.3
	sigma0		0.125
	sigmaSlope		0.5
	tauDamp		0.1
[TimeIntegrator]
	CFL		0.8
	CFL_max_var		1.1
	first_dt		1.e-6
	nstages		2
	tstop		0.1
-----------------------------------------------------------------------------
-----------------------------------------------------------------------------
Main: detected you were runnning on a SLURM scheduler with CUDA. Kokkos has been initialised accordingly.
Main: Init Grid.
Grid::Grid: allocating Grid.
Grid::Grid: Current MPI proc coordinates (0, 0, 0)
GridHost::MakeGrid: 
	 Direction X1: userdef	0.3....640....6	userdef
	 Direction X2: periodic	-0.05....32....0.05	periodic
	 Direction X3: outflow	-6....384....6	outflow
Main: Init DataBlock.
DataBlock::InitFromGrid: local size is 
	 Direction X1: 0.3....160....0.8
	 Direction X2: -0.05....32....0.05
	 Direction X3: -6....192....0
Hydro: adiabatic EOS with gamma=1.05
Hydro:: Enabling user-defined gravitational potential
Hydro: Enabling Ohmic resistivity with user-defined diffusivity function.
Hydro: Enabling ambipolar diffusion with user-defined diffusivity function.
ElectroMotiveForce: Using UCT_CONTACT averaging scheme.
Main: Init Time Integrator.
RKLegendre: enabled.
RKLegendre: no RKL cfl given. Using 0.5 by default.
Main: Init Output Routines.
Main: Init Setup.
Hydro: User-defined boundary condition has been enrolled
Hydro: User-defined gravitational potential has been enrolled
Hydro: User-defined ambipolar diffusivity has been enrolled
Hydro: User-defined ohmic diffusivity has been enrolled
Hydro: User-defined source term has been enrolled
Hydro: User-defined internal boundary condition has been enrolled
Main: Creating initial conditions.
Dump: Write file n 0...done in 3.62054 s.
Vtk: Write file n 0...done in 2.14115 s.
Main: Cycling Time Integrator...
TimeIntegrator:             time |            cycle |        time step |   cell updates/s | MPI overhead (%) |            div B |       RKL stages
TimeIntegrator:                0 |                0 |            1e-06 |              N/A |              N/A |      8.19832e-17 |                0
TimeIntegrator:       0.00905692 |              100 |      0.000159786 |      3.20038e+08 |          129.917 |      6.18209e-14 |                6
TimeIntegrator:        0.0248664 |              200 |      0.000156199 |      2.75998e+08 |          158.064 |      1.68924e-13 |                6
TimeIntegrator:        0.0404268 |              300 |      0.000155357 |      2.75936e+08 |          157.878 |       2.4866e-13 |                6
TimeIntegrator:        0.0559571 |              400 |       0.00015522 |      2.75923e+08 |          158.098 |      3.11128e-13 |                6
TimeIntegrator:        0.0714964 |              500 |      0.000155688 |      2.75943e+08 |          158.255 |      3.13222e-13 |                6
TimeIntegrator:        0.0871453 |              600 |      0.000157299 |      2.75968e+08 |          158.261 |      3.13921e-13 |                6
Vtk: Write file n 1...done in 2.09374 s.
Main: Reached t=0.1
Main: Completed in 21 seconds and 682 cycles
Main: Perfs are 2.53815e+08 cell updates/second
Profiler: maximum memory usage for Cuda memory space: 1029.58 MB.
Profiler: maximum memory usage for Host memory space: 305.073 MB.
Main: Job's done
Emf: Cleaning up MPI persistent communication channels
Mpi:: Cleaning up MPI persistent communication channels
