                                  .:HMMMMHn:.  ..:n..
                                .H*'``     `'%HM'''''!x.
         :x                    x*`           .(MH:    `#h.
        x.`M                   M>        :nMMMMMMMh.     `n.
         *kXk..                XL  nnx:.XMMMMMMMMMMML   .. 4X.
          )MMMMMx              'M   `^?M*MMMMMMMMMMMM:HMMMHHMM.
          MMMMMMMX              ?k    'X ..'*MMMMMMM.#MMMMMMMMMx
         XMMMMMMMX               4:    M:MhHxxHHHx`MMx`MMMMMMMMM>
         XM!`   ?M                `x   4MM'`''``HHhMMX  'MMMMMMMM
         4M      M                 `:   *>     `` .('MX   '*MMMM'
          MX     `X.nnx..                        ..XMx`     'M*X
           ?h.    ''```^'*!Hx.     :Mf     xHMh  M**MMM      4L`
            `*Mx           `'*n.x. 4M>   :M` `` 'M    `       %
             '%                ``*MHMX   X>      !
            :!                    `#MM>  X>      `   :x
           :M                        ?M  `X     .  ..'M
           XX                       .!*X  `x   XM( MMx`h
          'M>::                        `M: `+  MMX XMM `:
          'M> M                         'X    'MMX ?MMk.Xx..
          'M> ?L                     ...:!     MMX.H**'MMMM*h
           M>  #L                  :!'`MM.    . X*`.xHMMMMMnMk.
           `!   #h.      :L           XM'*hxHMM*MhHMMMMMMMMMM'#h
           +     XMh:    4!      x   :f   MM'   `*MMMMMMMMMM%  `X
           M     Mf``tHhxHM      M>  4k xxX'      `#MMMMMMMf    `M .>
          :f     M   `MMMMM:     M>   M!MMM:         '*MMf'     'MH*
          !     Xf   'MMMMMX     `X   X>'h.`          :P*Mx.   .d*~..
        :M      X     4MMMMM>     !   X~ `Mh.      .nHL..M#'%nnMhH!'`
       XM      d>     'X`'**h     'h  M   ^'MMHH+*'`  ''''   `'**'
    %nxM>      *x+x.:. XL.. `k     `::X
:nMMHMMM:.  X>  Mn`*MMMMMHM: `:     ?MMn.
    `'**MML M>  'MMhMMMMMMMM  #      `M:^*x
         ^*MMttnnMMMMMMMMMMMH>.        M:.4X
                        `MMMM>X   (   .MMM:MM!   .
                          `'''4x.dX  +^ `''MMMMHM?L..
                                ``'           `'`'`'`



       This is Idefix v0.7.1-67-g309828a
         Compiled for GPU (nvidia-CUDA) 
-----------------------------------------------------------------------------
Input Parameters using input file idefix.ini:
-----------------------------------------------------------------------------
[Boundary]
	X1-beg		userdef
	X1-end		userdef
	X2-beg		periodic
	X2-end		periodic
	X3-beg		outflow
	X3-end		outflow
[Grid]
	X1-grid		2	0.3	512	u	1.9	128	s-	6.0
	X2-grid		1	-0.05	32	u	0.05
	X3-grid		3	-6.0	64	s+	-0.4	256	u	0.4	64	s-	6.0
[Hydro]
	ambipolar		rkl	userdef
	gamma		1.05
	gravPotential		userdef
	resistivity		rkl	userdef
	solver		hlld
[Output]
	dmp		50.0
	log		100
	vtk		0.1
[Setup]
	Am		1.0
	Hideal		6.0
	beta		10000
	dampingZone		1.1
	densityFloor		1.0e-12
	h0		0.05
	h0Top		0.3
	sigma0		0.125
	sigmaSlope		0.5
	tauDamp		0.1
[TimeIntegrator]
	CFL		0.8
	CFL_max_var		1.1
	first_dt		1.e-6
	nstages		2
	tstop		0.1
-----------------------------------------------------------------------------
-----------------------------------------------------------------------------
Main: detected you were runnning on a SLURM scheduler with CUDA. Kokkos has been initialised accordingly.
Main: Init Grid.
Grid::Grid: allocating Grid.
GridHost::MakeGrid: 
	 Direction X1: userdef	0.3....640....6	userdef
	 Direction X2: periodic	-0.05....32....0.05	periodic
	 Direction X3: outflow	-6....384....6	outflow
Main: Init DataBlock.
Hydro: adiabatic EOS with gamma=1.05
Hydro:: Enabling user-defined gravitational potential
Hydro: Enabling Ohmic resistivity with user-defined diffusivity function.
Hydro: Enabling ambipolar diffusion with user-defined diffusivity function.
ElectroMotiveForce: Using UCT_CONTACT averaging scheme.
Main: Init Time Integrator.
RKLegendre: enabled.
RKLegendre: no RKL cfl given. Using 0.5 by default.
Main: Init Output Routines.
Main: Init Setup.
Hydro: User-defined boundary condition has been enrolled
Hydro: User-defined gravitational potential has been enrolled
Hydro: User-defined ambipolar diffusivity has been enrolled
Hydro: User-defined ohmic diffusivity has been enrolled
Hydro: User-defined source term has been enrolled
Hydro: User-defined internal boundary condition has been enrolled
Main: Creating initial conditions.
Dump: Write file n 0...done in 1.22934 s.
Vtk: Write file n 0...done in 1.68099 s.
Main: Cycling Time Integrator...
TimeIntegrator:             time |            cycle |        time step |   cell updates/s |            div B |       RKL stages
TimeIntegrator:                0 |                0 |            1e-06 |              N/A |      8.19832e-17 |                0
TimeIntegrator:       0.00905692 |              100 |      0.000159786 |       4.7087e+07 |      6.36219e-14 |                6
TimeIntegrator:        0.0248664 |              200 |      0.000156199 |      4.06907e+07 |      1.67184e-13 |                6
TimeIntegrator:        0.0404268 |              300 |      0.000155357 |      4.06973e+07 |      2.45866e-13 |                6
TimeIntegrator:        0.0559571 |              400 |       0.00015522 |      4.06995e+07 |      3.08237e-13 |                6
TimeIntegrator:        0.0714964 |              500 |      0.000155688 |      4.06968e+07 |      3.18057e-13 |                6
TimeIntegrator:        0.0871453 |              600 |      0.000157299 |      4.06975e+07 |      3.11345e-13 |                6
Vtk: Write file n 1...done in 1.55207 s.
Main: Reached t=0.1
Main: Completed in 2 minutes 10 seconds and 682 cycles
Main: Perfs are 4.10399e+07 cell updates/second
Profiler: maximum memory usage for Cuda memory space: 7829.07 MB.
Profiler: maximum memory usage for Host memory space: 2371.22 MB.
Main: Job's done

BEGIN KOKKOS PROFILING REPORT:
TOTAL TIME: 138.849 seconds
TOP-DOWN TIME TREE:
<average time> <percent of total time> <percent time in Kokkos> <percent MPI imbalance> <remainder> <kernels per second> <number of calls> <name> [type]
=================== 
|-> 1.29e+02 sec 93.0% 99.0% 0.0% 0.0% 1.84e+03 682 TimeIntegrator::Cycle [region]
|   |-> 7.00e+01 sec 50.4% 98.8% 0.0% 0.1% 2.39e+03 682 RKLegendre::Cycle [region]
|   |   |-> 4.74e+01 sec 34.2% 99.0% 0.0% 0.1% 1.56e+03 3280 RKLegendre::EvolveStage [region]
|   |   |   |-> 1.98e+01 sec 14.3% 99.3% 0.0% 0.2% 1.33e+03 9840 Hydro::CalcParabolicFlux [region]
|   |   |   |   |-> 1.77e+01 sec 12.7% 99.4% 0.0% 0.6% 9.27e+02 9840 Hydro::addNonIdealMHDFlux [region]
|   |   |   |   |   |-> 1.52e+01 sec 10.9% 100.0% 0.0% ------ 9840 CalcParabolicFlux [for]
|   |   |   |   |   |-> 1.74e+00 sec 1.3% 100.0% 0.0% ------ 3280 Ambipolar [for]
|   |   |   |   |   |-> 6.86e-01 sec 0.5% 100.0% 0.0% ------ 3280 Resistivity [for]
|   |   |   |   |-> 2.05e+00 sec 1.5% 100.0% 0.0% ------ 9840 HydroParabolicResetStage [for]
|   |   |   |-> 1.09e+01 sec 7.9% 99.7% 0.0% 0.3% 3.01e+02 3280 ElectroMotiveForce::CalcNonidealEMF [region]
|   |   |   |   |-> 1.09e+01 sec 7.8% 100.0% 0.0% ------ 3280 CalcNIEMF [for]
|   |   |   |-> 6.57e+00 sec 4.7% 98.3% 0.0% 1.7% 3.31e+03 9840 RKLegendre::CalcParabolicRHS [region]
|   |   |   |   |-> 3.46e+00 sec 2.5% 100.0% 0.0% ------ 9840 CalcRightHandSide [for]
|   |   |   |   |-> 2.47e+00 sec 1.8% 100.0% 0.0% ------ 9840 CalcTotalFlux [for]
|   |   |   |   |-> 5.27e-01 sec 0.4% 100.0% 0.0% ------ 2046 CalcDt [for]
|   |   |   |-> 3.21e+00 sec 2.3% 99.1% 0.0% 0.9% 1.02e+03 3280 ElectroMotiveForce::EvolveMagField [region]
|   |   |   |   |-> 3.18e+00 sec 2.3% 100.0% 0.0% ------ 3280 EvolvMagField [for]
|   |   |   |-> 2.60e+00 sec 1.9% 99.1% 0.0% 0.9% 1.26e+03 3280 RKLegendre::ResetStage [region]
|   |   |   |   |-> 2.58e+00 sec 1.9% 100.0% 0.0% ------ 3280 RKL_ResetStage [for]
|   |   |   |-> 2.11e+00 sec 1.5% 98.8% 0.0% 1.2% 1.55e+03 3280 Hydro::CalcCurrent [region]
|   |   |   |   |-> 2.09e+00 sec 1.5% 100.0% 0.0% ------ 3280 CalcCurrent [for]
|   |   |   |-> 2.09e+00 sec 1.5% 98.3% 0.0% 1.7% 4.72e+03 9840 RKLegendre::ResetFlux [region]
|   |   |   |   |-> 2.05e+00 sec 1.5% 100.0% 0.0% ------ 9840 RKL_ResetFlux [for]
|   |   |-> 6.07e+00 sec 4.4% 95.7% 0.0% 3.2% 1.24e+04 3280 Hydro::SetBoundary [region]
|   |   |   |-> 1.83e+00 sec 1.3% 99.3% 0.0% 0.7% 1.80e+03 3280 Hydro::ReconstructVcField [region]
|   |   |   |   |-> 1.81e+00 sec 1.3% 100.0% 0.0% ------ 3280 ReconstructVcMagField [for]
|   |   |   |-> 1.51e+00 sec 1.1% 100.0% 0.0% ------ 3280 InternalBoundary [for]
|   |   |   |-> 7.77e-01 sec 0.6% 93.0% 0.0% 7.0% 1.27e+04 9840 Hydro::ReconstructNormalField [region]
|   |   |   |   |-> 3.46e-01 sec 0.2% 100.0% 0.0% ------ 3280 ReconstructBX2s [for]
|   |   |   |   |-> 3.07e-01 sec 0.2% 100.0% 0.0% ------ 3280 ReconstructBX1s [for]
|   |   |   |-> 5.39e-01 sec 0.4% 100.0% 0.0% ------ 19680 UserDefBoundary [for]
|   |   |   |-> 3.29e-01 sec 0.2% 100.0% 0.0% ------ 3280 BoundaryBegPeriodic [for]
|   |   |   |-> 3.29e-01 sec 0.2% 100.0% 0.0% ------ 3280 BoundaryEndPeriodic [for]
|   |   |   |-> 1.49e-01 sec 0.1% 100.0% 0.0% ------ 6560 BoundaryBegShearingBoxVs [for]
|   |   |   |-> 1.49e-01 sec 0.1% 100.0% 0.0% ------ 6560 BoundaryEndPeriodicVs [for]
|   |   |-> 4.80e+00 sec 3.5% 99.7% 0.0% 0.3% 6.83e+02 3280 Hydro::ConvertConsToPrim [region]
|   |   |   |-> 4.78e+00 sec 3.4% 100.0% 0.0% ------ 3280 ConsToPrim [for]
|   |   |-> 4.60e+00 sec 3.3% 100.0% 0.0% ------ 2598 RKL_Cycle_UpdateVs [for]
|   |   |-> 1.83e+00 sec 1.3% 99.3% 0.0% 0.7% 1.79e+03 3280 Hydro::ReconstructVcField [region]
|   |   |   |-> 1.82e+00 sec 1.3% 100.0% 0.0% ------ 3280 ReconstructVcMagField [for]
|   |   |-> 1.51e+00 sec 1.1% 100.0% 0.0% ------ 2598 RKL_Cycle_UpdateUc [for]
|   |   |-> 9.92e-01 sec 0.7% 99.7% 0.0% 0.3% 6.88e+02 682 Hydro::ConvertPrimToCons [region]
|   |   |   |-> 9.89e-01 sec 0.7% 100.0% 0.0% ------ 682 ConvertPrimToCons [for]
|   |   |-> 7.26e-01 sec 0.5% 100.0% 0.0% ------ 682 RKL_Cycle_InitVs1 [for]
|   |   |-> 5.79e-01 sec 0.4% 99.6% 0.0% 0.4% 1.18e+03 682 RKLegendre::ComputeDt [region]
|   |   |   |-> 5.77e-01 sec 0.4% 100.0% 0.0% ------ 682 RKL_Timestep_reduction [reduce]
|   |   |-> 3.96e-01 sec 0.3% 100.0% 0.0% ------ 682 "RKL_dB0"="RKL_dB" [copy]
|   |   |-> 3.95e-01 sec 0.3% 100.0% 0.0% ------ 682 "Hydro_Vs0"="Hydro_Vs" [copy]
|   |   |-> 2.87e-01 sec 0.2% 100.0% 0.0% ------ 1364 RKL_Copy [for]
|   |   |-> 2.39e-01 sec 0.2% 100.0% 0.0% ------ 682 RKL_Cycle_InitUc1 [for]
|   |-> 4.83e+01 sec 34.8% 99.5% 0.0% 0.1% 6.78e+02 1364 DataBlock::EvolveStage [region]
|   |   |-> 1.60e+01 sec 11.5% 99.5% 0.0% 0.5% 7.67e+02 4092 Hydro::CalcRightHandSide [region]
|   |   |   |-> 8.07e+00 sec 5.8% 100.0% 0.0% ------ 4092 CalcRightHandSide [for]
|   |   |   |-> 7.01e+00 sec 5.0% 100.0% 0.0% ------ 4092 CalcTotalFlux [for]
|   |   |   |-> 8.58e-01 sec 0.6% 100.0% 0.0% ------ 4092 Potential [for]
|   |   |-> 1.20e+01 sec 8.6% 99.7% 0.0% 0.1% 3.42e+02 4092 Hydro::CalcRiemannFlux [region]
|   |   |   |-> 1.19e+01 sec 8.6% 99.7% 0.0% 0.3% 3.42e+02 4092 Hydro::HLLD_MHD [region]
|   |   |       |-> 1.19e+01 sec 8.6% 100.0% 0.0% ------ 4092 CalcRiemannFlux [for]
|   |   |-> 1.01e+01 sec 7.3% 99.7% 0.0% 0.3% 4.06e+02 4092 Hydro::ExtrapolatePrimVar [region]
|   |   |   |-> 1.01e+01 sec 7.2% 100.0% 0.0% ------ 4092 ExtrapolatePrimVar [for]
|   |   |-> 6.41e+00 sec 4.6% 99.4% 0.0% 0.6% 8.51e+02 1364 ElectroMotiveForce::CalcCornerEMF [region]
|   |   |   |-> 3.52e+00 sec 2.5% 100.0% 0.0% ------ 1364 EMF_Integrate to Corner [for]
|   |   |   |-> 1.09e+00 sec 0.8% 100.0% 0.0% ------ 1364 CalcCenterEMF [for]
|   |   |   |-> 1.07e+00 sec 0.8% 100.0% 0.0% ------ 1364 EMF_ArithmeticAverage [for]
|   |   |   |-> 6.96e-01 sec 0.5% 100.0% 0.0% ------ 1364 EMF_Renormalize [for]
|   |   |-> 1.63e+00 sec 1.2% 99.0% 0.0% 1.0% 1.68e+03 1364 Hydro::AddSourceTerms [region]
|   |   |   |-> 9.64e-01 sec 0.7% 100.0% 0.0% ------ 1364 AddSourceTerms [for]
|   |   |   |-> 6.47e-01 sec 0.5% 100.0% 0.0% ------ 1364 MySourceTerm [for]
|   |   |-> 1.34e+00 sec 1.0% 99.0% 0.0% 1.0% 1.02e+03 1364 ElectroMotiveForce::EvolveMagField [region]
|   |   |   |-> 1.33e+00 sec 1.0% 100.0% 0.0% ------ 1364 EvolvMagField [for]
|   |   |-> 7.63e-01 sec 0.5% 99.2% 0.0% 0.8% 1.79e+03 1364 Hydro::ReconstructVcField [region]
|   |   |   |-> 7.58e-01 sec 0.5% 100.0% 0.0% ------ 1364 ReconstructVcMagField [for]
|   |-> 2.56e+00 sec 1.8% 95.7% 0.0% 3.2% 1.23e+04 1364 Hydro::SetBoundary [region]
|   |   |-> 7.59e-01 sec 0.5% 99.3% 0.0% 0.7% 1.80e+03 1364 Hydro::ReconstructVcField [region]
|   |   |   |-> 7.54e-01 sec 0.5% 100.0% 0.0% ------ 1364 ReconstructVcMagField [for]
|   |   |-> 6.54e-01 sec 0.5% 100.0% 0.0% ------ 1364 InternalBoundary [for]
|   |   |-> 3.24e-01 sec 0.2% 92.9% 0.0% 7.1% 1.26e+04 4092 Hydro::ReconstructNormalField [region]
|   |   |   |-> 1.44e-01 sec 0.1% 100.0% 0.0% ------ 1364 ReconstructBX2s [for]
|   |   |-> 2.26e-01 sec 0.2% 100.0% 0.0% ------ 8184 UserDefBoundary [for]
|   |-> 2.04e+00 sec 1.5% 100.0% 0.0% ------ 1364 Cycle-update [for]
|   |-> 1.99e+00 sec 1.4% 99.7% 0.0% 0.3% 6.84e+02 1364 Hydro::ConvertConsToPrim [region]
|   |   |-> 1.99e+00 sec 1.4% 100.0% 0.0% ------ 1364 ConsToPrim [for]
|   |-> 1.98e+00 sec 1.4% 99.7% 0.0% 0.3% 6.88e+02 1364 Hydro::ConvertPrimToCons [region]
|   |   |-> 1.98e+00 sec 1.4% 100.0% 0.0% ------ 1364 ConvertPrimToCons [for]
|   |-> 1.00e+00 sec 0.7% 100.0% 0.0% ------ 682 "Hydro_Uc0"="Hydro_Uc" [copy]
|   |-> 6.54e-01 sec 0.5% 100.0% 0.0% ------ 682 Timestep_reduction [reduce]
|   |-> 3.94e-01 sec 0.3% 100.0% 0.0% ------ 682 "Hydro_Vs0"="Hydro_Vs" [copy]
|   |-> 1.46e-01 sec 0.1% 98.0% 0.0% 2.0% 4.66e+03 682 Hydro::ResetStage [region]
|   |   |-> 1.43e-01 sec 0.1% 100.0% 0.0% ------ 682 HydroResetStage [for]
|-> 4.49e+00 sec 3.2% 59.2% 0.0% 0.4% 3.74e+01 683 Output::CheckForWrites [region]
|   |-> 3.24e+00 sec 2.3% 54.7% 0.0% 45.3% 2.96e+01 2 Vtk::Write [region]
|   |   |-> 1.04e+00 sec 0.8% 99.8% 0.0% 0.2% 7.67e+01 2 DataBlockHost::DataBlockHost(DataBlock) [region]
|   |   |   |-> 2.41e-01 sec 0.2% 100.0% 0.0% ------ 2 Kokkos::View::initialization [Hydro_Vc_mirror] [for]
|   |   |   |-> 2.41e-01 sec 0.2% 100.0% 0.0% ------ 2 Kokkos::View::initialization [Hydro_Uc_mirror] [for]
|   |   |-> 7.29e-01 sec 0.5% 100.0% 0.0% 0.0% 2.19e+01 2 DataBlockHost::SyncFromDevice() [region]
|   |       |-> 2.23e-01 sec 0.2% 100.0% 0.0% ------ 2 "Hydro_Vc_mirror"="Hydro_Vc" [copy]
|   |       |-> 2.23e-01 sec 0.2% 100.0% 0.0% ------ 2 "Hydro_Uc_mirror"="Hydro_Uc" [copy]
|   |-> 1.23e+00 sec 0.9% 72.0% 0.0% 27.9% 5.85e+01 1 Dump::Write [region]
|       |-> 5.22e-01 sec 0.4% 99.8% 0.0% 0.2% 7.66e+01 1 DataBlockHost::DataBlockHost(DataBlock) [region]
|       |-> 3.65e-01 sec 0.3% 100.0% 0.0% 0.0% 2.19e+01 1 DataBlockHost::SyncFromDevice() [region]
|-> 1.10e+00 sec 0.8% 82.0% 0.0% 17.9% 6.62e+01 1 Output::Output [region]
|   |-> 5.20e-01 sec 0.4% 99.8% 0.0% 0.2% 7.70e+01 1 DataBlockHost::DataBlockHost(DataBlock) [region]
|   |-> 3.64e-01 sec 0.3% 100.0% 0.0% 0.0% 2.20e+01 1 DataBlockHost::SyncFromDevice() [region]
|-> 5.22e-01 sec 0.4% 99.8% 0.0% 0.2% 7.66e+01 1 DataBlockHost::DataBlockHost(DataBlock) [region]
|-> 3.93e-01 sec 0.3% 99.9% 0.0% 0.1% 2.03e+01 1 DataBlockHost::SyncToDevice() [region]

BOTTOM-UP TIME TREE:
<average time> <percent of total time> <percent time in Kokkos> <percent MPI imbalance> <number of calls> <name> [type]
=================== 
|-> 1.52e+01 sec 10.9% 100.0% 0.0% ------ 9840 CalcParabolicFlux [for]
|   |-> 1.52e+01 sec 10.9% 100.0% 0.0% 0.0% 0.00e+00 9840 Hydro::addNonIdealMHDFlux [region]
|       |-> 1.52e+01 sec 10.9% 100.0% 0.0% 0.0% 0.00e+00 9840 Hydro::CalcParabolicFlux [region]
|           |-> 1.52e+01 sec 10.9% 100.0% 0.0% 0.0% 0.00e+00 9840 RKLegendre::EvolveStage [region]
|               |-> 1.52e+01 sec 10.9% 100.0% 0.0% 0.0% 0.00e+00 9840 RKLegendre::Cycle [region]
|                   |-> 1.52e+01 sec 10.9% 100.0% 0.0% 0.0% 0.00e+00 9840 TimeIntegrator::Cycle [region]
|-> 1.19e+01 sec 8.6% 100.0% 0.0% ------ 4092 CalcRiemannFlux [for]
|   |-> 1.19e+01 sec 8.6% 100.0% 0.0% 0.0% 0.00e+00 4092 Hydro::HLLD_MHD [region]
|       |-> 1.19e+01 sec 8.6% 100.0% 0.0% 0.0% 0.00e+00 4092 Hydro::CalcRiemannFlux [region]
|           |-> 1.19e+01 sec 8.6% 100.0% 0.0% 0.0% 0.00e+00 4092 DataBlock::EvolveStage [region]
|               |-> 1.19e+01 sec 8.6% 100.0% 0.0% 0.0% 0.00e+00 4092 TimeIntegrator::Cycle [region]
|-> 1.15e+01 sec 8.3% 100.0% 0.0% ------ 13932 CalcRightHandSide [for]
|   |-> 8.07e+00 sec 5.8% 100.0% 0.0% 0.0% 0.00e+00 4092 Hydro::CalcRightHandSide [region]
|   |   |-> 8.07e+00 sec 5.8% 100.0% 0.0% 0.0% 0.00e+00 4092 DataBlock::EvolveStage [region]
|   |       |-> 8.07e+00 sec 5.8% 100.0% 0.0% 0.0% 0.00e+00 4092 TimeIntegrator::Cycle [region]
|   |-> 3.46e+00 sec 2.5% 100.0% 0.0% 0.0% 0.00e+00 9840 RKLegendre::CalcParabolicRHS [region]
|       |-> 3.46e+00 sec 2.5% 100.0% 0.0% 0.0% 0.00e+00 9840 RKLegendre::EvolveStage [region]
|           |-> 3.46e+00 sec 2.5% 100.0% 0.0% 0.0% 0.00e+00 9840 RKLegendre::Cycle [region]
|               |-> 3.46e+00 sec 2.5% 100.0% 0.0% 0.0% 0.00e+00 9840 TimeIntegrator::Cycle [region]
|-> 1.09e+01 sec 7.8% 100.0% 0.0% ------ 3280 CalcNIEMF [for]
|   |-> 1.09e+01 sec 7.8% 100.0% 0.0% 0.0% 0.00e+00 3280 ElectroMotiveForce::CalcNonidealEMF [region]
|       |-> 1.09e+01 sec 7.8% 100.0% 0.0% 0.0% 0.00e+00 3280 RKLegendre::EvolveStage [region]
|           |-> 1.09e+01 sec 7.8% 100.0% 0.0% 0.0% 0.00e+00 3280 RKLegendre::Cycle [region]
|               |-> 1.09e+01 sec 7.8% 100.0% 0.0% 0.0% 0.00e+00 3280 TimeIntegrator::Cycle [region]
|-> 1.01e+01 sec 7.2% 100.0% 0.0% ------ 4092 ExtrapolatePrimVar [for]
|   |-> 1.01e+01 sec 7.2% 100.0% 0.0% 0.0% 0.00e+00 4092 Hydro::ExtrapolatePrimVar [region]
|       |-> 1.01e+01 sec 7.2% 100.0% 0.0% 0.0% 0.00e+00 4092 DataBlock::EvolveStage [region]
|           |-> 1.01e+01 sec 7.2% 100.0% 0.0% 0.0% 0.00e+00 4092 TimeIntegrator::Cycle [region]
|-> 9.47e+00 sec 6.8% 100.0% 0.0% ------ 13932 CalcTotalFlux [for]
|   |-> 7.01e+00 sec 5.0% 100.0% 0.0% 0.0% 0.00e+00 4092 Hydro::CalcRightHandSide [region]
|   |   |-> 7.01e+00 sec 5.0% 100.0% 0.0% 0.0% 0.00e+00 4092 DataBlock::EvolveStage [region]
|   |       |-> 7.01e+00 sec 5.0% 100.0% 0.0% 0.0% 0.00e+00 4092 TimeIntegrator::Cycle [region]
|   |-> 2.47e+00 sec 1.8% 100.0% 0.0% 0.0% 0.00e+00 9840 RKLegendre::CalcParabolicRHS [region]
|       |-> 2.47e+00 sec 1.8% 100.0% 0.0% 0.0% 0.00e+00 9840 RKLegendre::EvolveStage [region]
|           |-> 2.47e+00 sec 1.8% 100.0% 0.0% 0.0% 0.00e+00 9840 RKLegendre::Cycle [region]
|               |-> 2.47e+00 sec 1.8% 100.0% 0.0% 0.0% 0.00e+00 9840 TimeIntegrator::Cycle [region]
|-> 6.77e+00 sec 4.9% 100.0% 0.0% ------ 4644 ConsToPrim [for]
|   |-> 6.77e+00 sec 4.9% 100.0% 0.0% 0.0% 0.00e+00 4644 Hydro::ConvertConsToPrim [region]
|       |-> 4.78e+00 sec 3.4% 100.0% 0.0% 0.0% 0.00e+00 3280 RKLegendre::Cycle [region]
|       |   |-> 4.78e+00 sec 3.4% 100.0% 0.0% 0.0% 0.00e+00 3280 TimeIntegrator::Cycle [region]
|       |-> 1.99e+00 sec 1.4% 100.0% 0.0% 0.0% 0.00e+00 1364 TimeIntegrator::Cycle [region]
|-> 5.14e+00 sec 3.7% 100.0% 0.0% ------ 9289 ReconstructVcMagField [for]
|   |-> 5.14e+00 sec 3.7% 100.0% 0.0% 0.0% 0.00e+00 9289 Hydro::ReconstructVcField [region]
|       |-> 2.57e+00 sec 1.8% 100.0% 0.0% 0.0% 0.00e+00 4645 Hydro::SetBoundary [region]
|       |   |-> 1.81e+00 sec 1.3% 100.0% 0.0% 0.0% 0.00e+00 3280 RKLegendre::Cycle [region]
|       |   |   |-> 1.81e+00 sec 1.3% 100.0% 0.0% 0.0% 0.00e+00 3280 TimeIntegrator::Cycle [region]
|       |   |-> 7.54e-01 sec 0.5% 100.0% 0.0% 0.0% 0.00e+00 1364 TimeIntegrator::Cycle [region]
|       |-> 1.82e+00 sec 1.3% 100.0% 0.0% 0.0% 0.00e+00 3280 RKLegendre::Cycle [region]
|       |   |-> 1.82e+00 sec 1.3% 100.0% 0.0% 0.0% 0.00e+00 3280 TimeIntegrator::Cycle [region]
|       |-> 7.58e-01 sec 0.5% 100.0% 0.0% 0.0% 0.00e+00 1364 DataBlock::EvolveStage [region]
|           |-> 7.58e-01 sec 0.5% 100.0% 0.0% 0.0% 0.00e+00 1364 TimeIntegrator::Cycle [region]
|-> 4.60e+00 sec 3.3% 100.0% 0.0% ------ 2598 RKL_Cycle_UpdateVs [for]
|   |-> 4.60e+00 sec 3.3% 100.0% 0.0% 0.0% 0.00e+00 2598 RKLegendre::Cycle [region]
|       |-> 4.60e+00 sec 3.3% 100.0% 0.0% 0.0% 0.00e+00 2598 TimeIntegrator::Cycle [region]
|-> 4.51e+00 sec 3.2% 100.0% 0.0% ------ 4644 EvolvMagField [for]
|   |-> 4.51e+00 sec 3.2% 100.0% 0.0% 0.0% 0.00e+00 4644 ElectroMotiveForce::EvolveMagField [region]
|       |-> 3.18e+00 sec 2.3% 100.0% 0.0% 0.0% 0.00e+00 3280 RKLegendre::EvolveStage [region]
|       |   |-> 3.18e+00 sec 2.3% 100.0% 0.0% 0.0% 0.00e+00 3280 RKLegendre::Cycle [region]
|       |       |-> 3.18e+00 sec 2.3% 100.0% 0.0% 0.0% 0.00e+00 3280 TimeIntegrator::Cycle [region]
|       |-> 1.33e+00 sec 1.0% 100.0% 0.0% 0.0% 0.00e+00 1364 DataBlock::EvolveStage [region]
|           |-> 1.33e+00 sec 1.0% 100.0% 0.0% 0.0% 0.00e+00 1364 TimeIntegrator::Cycle [region]
|-> 3.52e+00 sec 2.5% 100.0% 0.0% ------ 1364 EMF_Integrate to Corner [for]
|   |-> 3.52e+00 sec 2.5% 100.0% 0.0% 0.0% 0.00e+00 1364 ElectroMotiveForce::CalcCornerEMF [region]
|       |-> 3.52e+00 sec 2.5% 100.0% 0.0% 0.0% 0.00e+00 1364 DataBlock::EvolveStage [region]
|           |-> 3.52e+00 sec 2.5% 100.0% 0.0% 0.0% 0.00e+00 1364 TimeIntegrator::Cycle [region]
|-> 2.97e+00 sec 2.1% 100.0% 0.0% ------ 2046 ConvertPrimToCons [for]
|   |-> 2.97e+00 sec 2.1% 100.0% 0.0% 0.0% 0.00e+00 2046 Hydro::ConvertPrimToCons [region]
|       |-> 1.98e+00 sec 1.4% 100.0% 0.0% 0.0% 0.00e+00 1364 TimeIntegrator::Cycle [region]
|       |-> 9.89e-01 sec 0.7% 100.0% 0.0% 0.0% 0.00e+00 682 RKLegendre::Cycle [region]
|           |-> 9.89e-01 sec 0.7% 100.0% 0.0% 0.0% 0.00e+00 682 TimeIntegrator::Cycle [region]
|-> 2.58e+00 sec 1.9% 100.0% 0.0% ------ 3280 RKL_ResetStage [for]
|   |-> 2.58e+00 sec 1.9% 100.0% 0.0% 0.0% 0.00e+00 3280 RKLegendre::ResetStage [region]
|       |-> 2.58e+00 sec 1.9% 100.0% 0.0% 0.0% 0.00e+00 3280 RKLegendre::EvolveStage [region]
|           |-> 2.58e+00 sec 1.9% 100.0% 0.0% 0.0% 0.00e+00 3280 RKLegendre::Cycle [region]
|               |-> 2.58e+00 sec 1.9% 100.0% 0.0% 0.0% 0.00e+00 3280 TimeIntegrator::Cycle [region]
|-> 2.17e+00 sec 1.6% 100.0% 0.0% ------ 4645 InternalBoundary [for]
|   |-> 2.17e+00 sec 1.6% 100.0% 0.0% 0.0% 0.00e+00 4645 Hydro::SetBoundary [region]
|       |-> 1.51e+00 sec 1.1% 100.0% 0.0% 0.0% 0.00e+00 3280 RKLegendre::Cycle [region]
|       |   |-> 1.51e+00 sec 1.1% 100.0% 0.0% 0.0% 0.00e+00 3280 TimeIntegrator::Cycle [region]
|       |-> 6.54e-01 sec 0.5% 100.0% 0.0% 0.0% 0.00e+00 1364 TimeIntegrator::Cycle [region]
|-> 2.09e+00 sec 1.5% 100.0% 0.0% ------ 3280 CalcCurrent [for]
|   |-> 2.09e+00 sec 1.5% 100.0% 0.0% 0.0% 0.00e+00 3280 Hydro::CalcCurrent [region]
|       |-> 2.09e+00 sec 1.5% 100.0% 0.0% 0.0% 0.00e+00 3280 RKLegendre::EvolveStage [region]
|           |-> 2.09e+00 sec 1.5% 100.0% 0.0% 0.0% 0.00e+00 3280 RKLegendre::Cycle [region]
|               |-> 2.09e+00 sec 1.5% 100.0% 0.0% 0.0% 0.00e+00 3280 TimeIntegrator::Cycle [region]
|-> 2.05e+00 sec 1.5% 100.0% 0.0% ------ 9840 RKL_ResetFlux [for]
|   |-> 2.05e+00 sec 1.5% 100.0% 0.0% 0.0% 0.00e+00 9840 RKLegendre::ResetFlux [region]
|       |-> 2.05e+00 sec 1.5% 100.0% 0.0% 0.0% 0.00e+00 9840 RKLegendre::EvolveStage [region]
|           |-> 2.05e+00 sec 1.5% 100.0% 0.0% 0.0% 0.00e+00 9840 RKLegendre::Cycle [region]
|               |-> 2.05e+00 sec 1.5% 100.0% 0.0% 0.0% 0.00e+00 9840 TimeIntegrator::Cycle [region]
|-> 2.05e+00 sec 1.5% 100.0% 0.0% ------ 9840 HydroParabolicResetStage [for]
|   |-> 2.05e+00 sec 1.5% 100.0% 0.0% 0.0% 0.00e+00 9840 Hydro::CalcParabolicFlux [region]
|       |-> 2.05e+00 sec 1.5% 100.0% 0.0% 0.0% 0.00e+00 9840 RKLegendre::EvolveStage [region]
|           |-> 2.05e+00 sec 1.5% 100.0% 0.0% 0.0% 0.00e+00 9840 RKLegendre::Cycle [region]
|               |-> 2.05e+00 sec 1.5% 100.0% 0.0% 0.0% 0.00e+00 9840 TimeIntegrator::Cycle [region]
|-> 2.04e+00 sec 1.5% 100.0% 0.0% ------ 1364 Cycle-update [for]
|   |-> 2.04e+00 sec 1.5% 100.0% 0.0% 0.0% 0.00e+00 1364 TimeIntegrator::Cycle [region]
|-> 1.74e+00 sec 1.3% 100.0% 0.0% ------ 3280 Ambipolar [for]
|   |-> 1.74e+00 sec 1.3% 100.0% 0.0% 0.0% 0.00e+00 3280 Hydro::addNonIdealMHDFlux [region]
|       |-> 1.74e+00 sec 1.3% 100.0% 0.0% 0.0% 0.00e+00 3280 Hydro::CalcParabolicFlux [region]
|           |-> 1.74e+00 sec 1.3% 100.0% 0.0% 0.0% 0.00e+00 3280 RKLegendre::EvolveStage [region]
|               |-> 1.74e+00 sec 1.3% 100.0% 0.0% 0.0% 0.00e+00 3280 RKLegendre::Cycle [region]
|                   |-> 1.74e+00 sec 1.3% 100.0% 0.0% 0.0% 0.00e+00 3280 TimeIntegrator::Cycle [region]
|-> 1.51e+00 sec 1.1% 100.0% 0.0% ------ 2598 RKL_Cycle_UpdateUc [for]
|   |-> 1.51e+00 sec 1.1% 100.0% 0.0% 0.0% 0.00e+00 2598 RKLegendre::Cycle [region]
|       |-> 1.51e+00 sec 1.1% 100.0% 0.0% 0.0% 0.00e+00 2598 TimeIntegrator::Cycle [region]
|-> 1.47e+00 sec 1.1% 0.0% 0.0% 0.0% 0.00e+00 2 Vtk::Write [region]
|   |-> 1.47e+00 sec 1.1% 0.0% 0.0% 0.0% 0.00e+00 2 Output::CheckForWrites [region]
|-> 1.09e+00 sec 0.8% 100.0% 0.0% ------ 1364 CalcCenterEMF [for]
|   |-> 1.09e+00 sec 0.8% 100.0% 0.0% 0.0% 0.00e+00 1364 ElectroMotiveForce::CalcCornerEMF [region]
|       |-> 1.09e+00 sec 0.8% 100.0% 0.0% 0.0% 0.00e+00 1364 DataBlock::EvolveStage [region]
|           |-> 1.09e+00 sec 0.8% 100.0% 0.0% 0.0% 0.00e+00 1364 TimeIntegrator::Cycle [region]
|-> 1.07e+00 sec 0.8% 100.0% 0.0% ------ 1364 EMF_ArithmeticAverage [for]
|   |-> 1.07e+00 sec 0.8% 100.0% 0.0% 0.0% 0.00e+00 1364 ElectroMotiveForce::CalcCornerEMF [region]
|       |-> 1.07e+00 sec 0.8% 100.0% 0.0% 0.0% 0.00e+00 1364 DataBlock::EvolveStage [region]
|           |-> 1.07e+00 sec 0.8% 100.0% 0.0% 0.0% 0.00e+00 1364 TimeIntegrator::Cycle [region]
|-> 1.00e+00 sec 0.7% 100.0% 0.0% ------ 682 "Hydro_Uc0"="Hydro_Uc" [copy]
|   |-> 1.00e+00 sec 0.7% 100.0% 0.0% 0.0% 0.00e+00 682 TimeIntegrator::Cycle [region]
|-> 9.64e-01 sec 0.7% 100.0% 0.0% ------ 1364 AddSourceTerms [for]
|   |-> 9.64e-01 sec 0.7% 100.0% 0.0% 0.0% 0.00e+00 1364 Hydro::AddSourceTerms [region]
|       |-> 9.64e-01 sec 0.7% 100.0% 0.0% 0.0% 0.00e+00 1364 DataBlock::EvolveStage [region]
|           |-> 9.64e-01 sec 0.7% 100.0% 0.0% 0.0% 0.00e+00 1364 TimeIntegrator::Cycle [region]
|-> 8.58e-01 sec 0.6% 100.0% 0.0% ------ 4092 Potential [for]
|   |-> 8.58e-01 sec 0.6% 100.0% 0.0% 0.0% 0.00e+00 4092 Hydro::CalcRightHandSide [region]
|       |-> 8.58e-01 sec 0.6% 100.0% 0.0% 0.0% 0.00e+00 4092 DataBlock::EvolveStage [region]
|           |-> 8.58e-01 sec 0.6% 100.0% 0.0% 0.0% 0.00e+00 4092 TimeIntegrator::Cycle [region]
|-> 7.90e-01 sec 0.6% 100.0% 0.0% ------ 1364 "Hydro_Vs0"="Hydro_Vs" [copy]
|   |-> 3.95e-01 sec 0.3% 100.0% 0.0% 0.0% 0.00e+00 682 RKLegendre::Cycle [region]
|   |   |-> 3.95e-01 sec 0.3% 100.0% 0.0% 0.0% 0.00e+00 682 TimeIntegrator::Cycle [region]
|   |-> 3.94e-01 sec 0.3% 100.0% 0.0% 0.0% 0.00e+00 682 TimeIntegrator::Cycle [region]
|-> 7.65e-01 sec 0.6% 100.0% 0.0% ------ 27870 UserDefBoundary [for]
|   |-> 7.65e-01 sec 0.6% 100.0% 0.0% -0.0% 0.00e+00 27870 Hydro::SetBoundary [region]
|       |-> 5.39e-01 sec 0.4% 100.0% 0.0% 0.0% 0.00e+00 19680 RKLegendre::Cycle [region]
|       |   |-> 5.39e-01 sec 0.4% 100.0% 0.0% 0.0% 0.00e+00 19680 TimeIntegrator::Cycle [region]
|       |-> 2.26e-01 sec 0.2% 100.0% 0.0% 0.0% 0.00e+00 8184 TimeIntegrator::Cycle [region]
|-> 7.26e-01 sec 0.5% 100.0% 0.0% ------ 682 RKL_Cycle_InitVs1 [for]
|   |-> 7.26e-01 sec 0.5% 100.0% 0.0% 0.0% 0.00e+00 682 RKLegendre::Cycle [region]
|       |-> 7.26e-01 sec 0.5% 100.0% 0.0% 0.0% 0.00e+00 682 TimeIntegrator::Cycle [region]
|-> 6.96e-01 sec 0.5% 100.0% 0.0% ------ 1364 EMF_Renormalize [for]
|   |-> 6.96e-01 sec 0.5% 100.0% 0.0% 0.0% 0.00e+00 1364 ElectroMotiveForce::CalcCornerEMF [region]
|       |-> 6.96e-01 sec 0.5% 100.0% 0.0% 0.0% 0.00e+00 1364 DataBlock::EvolveStage [region]
|           |-> 6.96e-01 sec 0.5% 100.0% 0.0% 0.0% 0.00e+00 1364 TimeIntegrator::Cycle [region]
|-> 6.86e-01 sec 0.5% 100.0% 0.0% ------ 3280 Resistivity [for]
|   |-> 6.86e-01 sec 0.5% 100.0% 0.0% 0.0% 0.00e+00 3280 Hydro::addNonIdealMHDFlux [region]
|       |-> 6.86e-01 sec 0.5% 100.0% 0.0% 0.0% 0.00e+00 3280 Hydro::CalcParabolicFlux [region]
|           |-> 6.86e-01 sec 0.5% 100.0% 0.0% 0.0% 0.00e+00 3280 RKLegendre::EvolveStage [region]
|               |-> 6.86e-01 sec 0.5% 100.0% 0.0% 0.0% 0.00e+00 3280 RKLegendre::Cycle [region]
|                   |-> 6.86e-01 sec 0.5% 100.0% 0.0% 0.0% 0.00e+00 3280 TimeIntegrator::Cycle [region]
|-> 6.54e-01 sec 0.5% 100.0% 0.0% ------ 682 Timestep_reduction [reduce]
|   |-> 6.54e-01 sec 0.5% 100.0% 0.0% 0.0% 0.00e+00 682 TimeIntegrator::Cycle [region]
|-> 6.47e-01 sec 0.5% 100.0% 0.0% ------ 1364 MySourceTerm [for]
|   |-> 6.47e-01 sec 0.5% 100.0% 0.0% 0.0% 0.00e+00 1364 Hydro::AddSourceTerms [region]
|       |-> 6.47e-01 sec 0.5% 100.0% 0.0% 0.0% 0.00e+00 1364 DataBlock::EvolveStage [region]
|           |-> 6.47e-01 sec 0.5% 100.0% 0.0% 0.0% 0.00e+00 1364 TimeIntegrator::Cycle [region]
|-> 6.05e-01 sec 0.4% 100.0% 0.0% ------ 5 Kokkos::View::initialization [Hydro_Uc_mirror] [for]
|   |-> 6.05e-01 sec 0.4% 100.0% 0.0% 0.0% 0.00e+00 5 DataBlockHost::DataBlockHost(DataBlock) [region]
|       |-> 2.41e-01 sec 0.2% 100.0% 0.0% 0.0% 0.00e+00 2 Vtk::Write [region]
|       |   |-> 2.41e-01 sec 0.2% 100.0% 0.0% 0.0% 0.00e+00 2 Output::CheckForWrites [region]
|-> 6.01e-01 sec 0.4% 100.0% 0.0% ------ 5 Kokkos::View::initialization [Hydro_Vc_mirror] [for]
|   |-> 6.01e-01 sec 0.4% 100.0% 0.0% 0.0% 0.00e+00 5 DataBlockHost::DataBlockHost(DataBlock) [region]
|       |-> 2.41e-01 sec 0.2% 100.0% 0.0% 0.0% 0.00e+00 2 Vtk::Write [region]
|       |   |-> 2.41e-01 sec 0.2% 100.0% 0.0% 0.0% 0.00e+00 2 Output::CheckForWrites [region]
|-> 5.77e-01 sec 0.4% 100.0% 0.0% ------ 682 RKL_Timestep_reduction [reduce]
|   |-> 5.77e-01 sec 0.4% 100.0% 0.0% 0.0% 0.00e+00 682 RKLegendre::ComputeDt [region]
|       |-> 5.77e-01 sec 0.4% 100.0% 0.0% 0.0% 0.00e+00 682 RKLegendre::Cycle [region]
|           |-> 5.77e-01 sec 0.4% 100.0% 0.0% 0.0% 0.00e+00 682 TimeIntegrator::Cycle [region]
|-> 5.27e-01 sec 0.4% 100.0% 0.0% ------ 2046 CalcDt [for]
|   |-> 5.27e-01 sec 0.4% 100.0% 0.0% 0.0% 0.00e+00 2046 RKLegendre::CalcParabolicRHS [region]
|       |-> 5.27e-01 sec 0.4% 100.0% 0.0% 0.0% 0.00e+00 2046 RKLegendre::EvolveStage [region]
|           |-> 5.27e-01 sec 0.4% 100.0% 0.0% 0.0% 0.00e+00 2046 RKLegendre::Cycle [region]
|               |-> 5.27e-01 sec 0.4% 100.0% 0.0% 0.0% 0.00e+00 2046 TimeIntegrator::Cycle [region]
|-> 4.91e-01 sec 0.4% 100.0% 0.0% ------ 4645 ReconstructBX2s [for]
|   |-> 4.91e-01 sec 0.4% 100.0% 0.0% 0.0% 0.00e+00 4645 Hydro::ReconstructNormalField [region]
|       |-> 4.91e-01 sec 0.4% 100.0% 0.0% 0.0% 0.00e+00 4645 Hydro::SetBoundary [region]
|           |-> 3.46e-01 sec 0.2% 100.0% 0.0% 0.0% 0.00e+00 3280 RKLegendre::Cycle [region]
|           |   |-> 3.46e-01 sec 0.2% 100.0% 0.0% 0.0% 0.00e+00 3280 TimeIntegrator::Cycle [region]
|           |-> 1.44e-01 sec 0.1% 100.0% 0.0% 0.0% 0.00e+00 1364 TimeIntegrator::Cycle [region]
|-> 4.67e-01 sec 0.3% 100.0% 0.0% ------ 4645 BoundaryBegPeriodic [for]
|   |-> 4.67e-01 sec 0.3% 100.0% 0.0% -0.0% 0.00e+00 4645 Hydro::SetBoundary [region]
|       |-> 3.29e-01 sec 0.2% 100.0% 0.0% 0.0% 0.00e+00 3280 RKLegendre::Cycle [region]
|       |   |-> 3.29e-01 sec 0.2% 100.0% 0.0% 0.0% 0.00e+00 3280 TimeIntegrator::Cycle [region]
|-> 4.66e-01 sec 0.3% 100.0% 0.0% ------ 4645 BoundaryEndPeriodic [for]
|   |-> 4.66e-01 sec 0.3% 100.0% 0.0% -0.0% 0.00e+00 4645 Hydro::SetBoundary [region]
|       |-> 3.29e-01 sec 0.2% 100.0% 0.0% 0.0% 0.00e+00 3280 RKLegendre::Cycle [region]
|       |   |-> 3.29e-01 sec 0.2% 100.0% 0.0% 0.0% 0.00e+00 3280 TimeIntegrator::Cycle [region]
|-> 4.46e-01 sec 0.3% 100.0% 0.0% ------ 4 "Hydro_Vc_mirror"="Hydro_Vc" [copy]
|   |-> 4.46e-01 sec 0.3% 100.0% 0.0% 0.0% 0.00e+00 4 DataBlockHost::SyncFromDevice() [region]
|       |-> 2.23e-01 sec 0.2% 100.0% 0.0% 0.0% 0.00e+00 2 Vtk::Write [region]
|       |   |-> 2.23e-01 sec 0.2% 100.0% 0.0% 0.0% 0.00e+00 2 Output::CheckForWrites [region]
|-> 4.46e-01 sec 0.3% 100.0% 0.0% ------ 4 "Hydro_Uc_mirror"="Hydro_Uc" [copy]
|   |-> 4.46e-01 sec 0.3% 100.0% 0.0% 0.0% 0.00e+00 4 DataBlockHost::SyncFromDevice() [region]
|       |-> 2.23e-01 sec 0.2% 100.0% 0.0% 0.0% 0.00e+00 2 Vtk::Write [region]
|       |   |-> 2.23e-01 sec 0.2% 100.0% 0.0% 0.0% 0.00e+00 2 Output::CheckForWrites [region]
|-> 4.35e-01 sec 0.3% 100.0% 0.0% ------ 4645 ReconstructBX1s [for]
|   |-> 4.35e-01 sec 0.3% 100.0% 0.0% 0.0% 0.00e+00 4645 Hydro::ReconstructNormalField [region]
|       |-> 4.35e-01 sec 0.3% 100.0% 0.0% 0.0% 0.00e+00 4645 Hydro::SetBoundary [region]
|           |-> 3.07e-01 sec 0.2% 100.0% 0.0% 0.0% 0.00e+00 3280 RKLegendre::Cycle [region]
|           |   |-> 3.07e-01 sec 0.2% 100.0% 0.0% 0.0% 0.00e+00 3280 TimeIntegrator::Cycle [region]
|-> 3.96e-01 sec 0.3% 100.0% 0.0% ------ 682 "RKL_dB0"="RKL_dB" [copy]
|   |-> 3.96e-01 sec 0.3% 100.0% 0.0% 0.0% 0.00e+00 682 RKLegendre::Cycle [region]
|       |-> 3.96e-01 sec 0.3% 100.0% 0.0% 0.0% 0.00e+00 682 TimeIntegrator::Cycle [region]
|-> 3.44e-01 sec 0.2% 0.0% 0.0% 0.0% 0.00e+00 1 Dump::Write [region]
|   |-> 3.44e-01 sec 0.2% 0.0% 0.0% 0.0% 0.00e+00 1 Output::CheckForWrites [region]
|-> 2.87e-01 sec 0.2% 100.0% 0.0% ------ 1364 RKL_Copy [for]
|   |-> 2.87e-01 sec 0.2% 100.0% 0.0% 0.0% 0.00e+00 1364 RKLegendre::Cycle [region]
|       |-> 2.87e-01 sec 0.2% 100.0% 0.0% 0.0% 0.00e+00 1364 TimeIntegrator::Cycle [region]
|-> 2.77e-01 sec 0.2% 0.0% 0.0% 0.0% 0.00e+00 4645 Hydro::SetBoundary [region]
|   |-> 1.94e-01 sec 0.1% 0.0% 0.0% 0.0% 0.00e+00 3280 RKLegendre::Cycle [region]
|   |   |-> 1.94e-01 sec 0.1% 0.0% 0.0% 0.0% 0.00e+00 3280 TimeIntegrator::Cycle [region]
|-> 2.44e-01 sec 0.2% 100.0% 0.0% ------ 15 Kokkos::View::initialization [DataBlock_A_mirror] [for]
|   |-> 2.44e-01 sec 0.2% 100.0% 0.0% 0.0% 0.00e+00 15 DataBlockHost::DataBlockHost(DataBlock) [region]
|-> 2.39e-01 sec 0.2% 100.0% 0.0% ------ 682 RKL_Cycle_InitUc1 [for]
|   |-> 2.39e-01 sec 0.2% 100.0% 0.0% 0.0% 0.00e+00 682 RKLegendre::Cycle [region]
|       |-> 2.39e-01 sec 0.2% 100.0% 0.0% 0.0% 0.00e+00 682 TimeIntegrator::Cycle [region]
|-> 2.32e-01 sec 0.2% 100.0% 0.0% ------ 5 Kokkos::View::initialization [Hydro_Vs_mirror] [for]
|   |-> 2.32e-01 sec 0.2% 100.0% 0.0% -0.0% 0.00e+00 5 DataBlockHost::DataBlockHost(DataBlock) [region]
|-> 2.29e-01 sec 0.2% 100.0% 0.0% ------ 5 Kokkos::View::initialization [Hydro_J_mirror] [for]
|   |-> 2.29e-01 sec 0.2% 100.0% 0.0% 0.0% 0.00e+00 5 DataBlockHost::DataBlockHost(DataBlock) [region]
|-> 2.18e-01 sec 0.2% 100.0% 0.0% ------ 15 "DataBlock_A_mirror"="DataBlock_A" [copy]
|   |-> 2.18e-01 sec 0.2% 100.0% 0.0% 0.0% 0.00e+00 15 DataBlockHost::DataBlockHost(DataBlock) [region]
|-> 2.11e-01 sec 0.2% 100.0% 0.0% ------ 9290 BoundaryBegShearingBoxVs [for]
|   |-> 2.11e-01 sec 0.2% 100.0% 0.0% 0.0% 0.00e+00 9290 Hydro::SetBoundary [region]
|       |-> 1.49e-01 sec 0.1% 100.0% 0.0% 0.0% 0.00e+00 6560 RKLegendre::Cycle [region]
|       |   |-> 1.49e-01 sec 0.1% 100.0% 0.0% 0.0% 0.00e+00 6560 TimeIntegrator::Cycle [region]
|-> 2.11e-01 sec 0.2% 100.0% 0.0% ------ 9290 BoundaryEndPeriodicVs [for]
|   |-> 2.11e-01 sec 0.2% 100.0% 0.0% 0.0% 0.00e+00 9290 Hydro::SetBoundary [region]
|       |-> 1.49e-01 sec 0.1% 100.0% 0.0% 0.0% 0.00e+00 6560 RKLegendre::Cycle [region]
|       |   |-> 1.49e-01 sec 0.1% 100.0% 0.0% 0.0% 0.00e+00 6560 TimeIntegrator::Cycle [region]
|-> 1.97e-01 sec 0.1% 0.0% 0.0% 0.0% 0.00e+00 1 Output::Output [region]
|-> 1.73e-01 sec 0.1% 100.0% 0.0% ------ 4 "Hydro_Vs_mirror"="Hydro_Vs" [copy]
|   |-> 1.73e-01 sec 0.1% 100.0% 0.0% 0.0% 0.00e+00 4 DataBlockHost::SyncFromDevice() [region]
|-> 1.68e-01 sec 0.1% 100.0% 0.0% ------ 4 "Hydro_J_mirror"="Hydro_J" [copy]
|   |-> 1.68e-01 sec 0.1% 100.0% 0.0% 0.0% 0.00e+00 4 DataBlockHost::SyncFromDevice() [region]
|-> 1.47e-01 sec 0.1% 100.0% 0.0% ------ 4644 BoundaryEMFPeriodic [for]
|   |-> 1.47e-01 sec 0.1% 100.0% 0.0% 0.0% 0.00e+00 4644 Emf::EnforceEMFBoundary [region]
|-> 1.43e-01 sec 0.1% 100.0% 0.0% ------ 682 HydroResetStage [for]
|   |-> 1.43e-01 sec 0.1% 100.0% 0.0% 0.0% 0.00e+00 682 Hydro::ResetStage [region]
|       |-> 1.43e-01 sec 0.1% 100.0% 0.0% 0.0% 0.00e+00 682 TimeIntegrator::Cycle [region]

KOKKOS HOST SPACE:
=================== 
MAX MEMORY ALLOCATED: 0.0 kB
ALLOCATIONS AT TIME OF HIGH WATER MARK:

KOKKOS CUDA SPACE:
=================== 
MAX MEMORY ALLOCATED: 0.0 kB
ALLOCATIONS AT TIME OF HIGH WATER MARK:

Host process high water mark memory consumption: 2574020 kB

END KOKKOS PROFILING REPORT.
nx=641, ny=33, nz=385
nx=641, ny=33, nz=385
Error on RHO=0.000000e+00
Error on VX1=1.063979e-16
Error on VX2=0.000000e+00
Error on VX3=1.024551e-14
Error on BX1=6.449708e-18
Error on BX2=1.081172e-17
Error on BX3=0.000000e+00
Error on PRS=0.000000e+00
SUCCESS!
