                                  .:HMMMMHn:.  ..:n..
                                .H*'``     `'%HM'''''!x.
         :x                    x*`           .(MH:    `#h.
        x.`M                   M>        :nMMMMMMMh.     `n.
         *kXk..                XL  nnx:.XMMMMMMMMMMML   .. 4X.
          )MMMMMx              'M   `^?M*MMMMMMMMMMMM:HMMMHHMM.
          MMMMMMMX              ?k    'X ..'*MMMMMMM.#MMMMMMMMMx
         XMMMMMMMX               4:    M:MhHxxHHHx`MMx`MMMMMMMMM>
         XM!`   ?M                `x   4MM'`''``HHhMMX  'MMMMMMMM
         4M      M                 `:   *>     `` .('MX   '*MMMM'
          MX     `X.nnx..                        ..XMx`     'M*X
           ?h.    ''```^'*!Hx.     :Mf     xHMh  M**MMM      4L`
            `*Mx           `'*n.x. 4M>   :M` `` 'M    `       %
             '%                ``*MHMX   X>      !
            :!                    `#MM>  X>      `   :x
           :M                        ?M  `X     .  ..'M
           XX                       .!*X  `x   XM( MMx`h
          'M>::                        `M: `+  MMX XMM `:
          'M> M                         'X    'MMX ?MMk.Xx..
          'M> ?L                     ...:!     MMX.H**'MMMM*h
           M>  #L                  :!'`MM.    . X*`.xHMMMMMnMk.
           `!   #h.      :L           XM'*hxHMM*MhHMMMMMMMMMM'#h
           +     XMh:    4!      x   :f   MM'   `*MMMMMMMMMM%  `X
           M     Mf``tHhxHM      M>  4k xxX'      `#MMMMMMMf    `M .>
          :f     M   `MMMMM:     M>   M!MMM:         '*MMf'     'MH*
          !     Xf   'MMMMMX     `X   X>'h.`          :P*Mx.   .d*~..
        :M      X     4MMMMM>     !   X~ `Mh.      .nHL..M#'%nnMhH!'`
       XM      d>     'X`'**h     'h  M   ^'MMHH+*'`  ''''   `'**'
    %nxM>      *x+x.:. XL.. `k     `::X
:nMMHMMM:.  X>  Mn`*MMMMMHM: `:     ?MMn.
    `'**MML M>  'MMhMMMMMMMM  #      `M:^*x
         ^*MMttnnMMMMMMMMMMMH>.        M:.4X
                        `MMMM>X   (   .MMM:MM!   .
                          `'''4x.dX  +^ `''MMMMHM?L..
                                ``'           `'`'`'`



       This is Idefix v0.7.1-67-g309828a
         Compiled for GPU (nvidia-CUDA) 
-----------------------------------------------------------------------------
Input Parameters using input file idefix.ini:
-----------------------------------------------------------------------------
[Boundary]
	X1-beg		userdef
	X1-end		userdef
	X2-beg		periodic
	X2-end		periodic
	X3-beg		outflow
	X3-end		outflow
[CommandLine]
	dec		2	1	2
[Grid]
	X1-grid		2	0.3	512	u	1.9	128	s-	6.0
	X2-grid		1	-0.05	32	u	0.05
	X3-grid		3	-6.0	64	s+	-0.4	256	u	0.4	64	s-	6.0
[Hydro]
	ambipolar		rkl	userdef
	gamma		1.05
	gravPotential		userdef
	resistivity		rkl	userdef
	solver		hlld
[Output]
	dmp		50.0
	log		100
	vtk		0.1
[Setup]
	Am		1.0
	Hideal		6.0
	beta		10000
	dampingZone		1.1
	densityFloor		1.0e-12
	h0		0.05
	h0Top		0.3
	sigma0		0.125
	sigmaSlope		0.5
	tauDamp		0.1
[TimeIntegrator]
	CFL		0.8
	CFL_max_var		1.1
	first_dt		1.e-6
	nstages		2
	tstop		0.1
-----------------------------------------------------------------------------
-----------------------------------------------------------------------------
Main: detected you were runnning on a SLURM scheduler with CUDA. Kokkos has been initialised accordingly.
Main: Init Grid.
Grid::Grid: allocating Grid.
Grid::Grid: Current MPI proc coordinates (0, 0, 0)
GridHost::MakeGrid: 
	 Direction X1: userdef	0.3....640....6	userdef
	 Direction X2: periodic	-0.05....32....0.05	periodic
	 Direction X3: outflow	-6....384....6	outflow
Main: Init DataBlock.
DataBlock::InitFromGrid: local size is 
	 Direction X1: 0.3....320....1.3
	 Direction X2: -0.05....32....0.05
	 Direction X3: -6....192....0
Hydro: adiabatic EOS with gamma=1.05
Hydro:: Enabling user-defined gravitational potential
Hydro: Enabling Ohmic resistivity with user-defined diffusivity function.
Hydro: Enabling ambipolar diffusion with user-defined diffusivity function.
ElectroMotiveForce: Using UCT_CONTACT averaging scheme.
Main: Init Time Integrator.
RKLegendre: enabled.
RKLegendre: no RKL cfl given. Using 0.5 by default.
Main: Init Output Routines.
Main: Init Setup.
Hydro: User-defined boundary condition has been enrolled
Hydro: User-defined gravitational potential has been enrolled
Hydro: User-defined ambipolar diffusivity has been enrolled
Hydro: User-defined ohmic diffusivity has been enrolled
Hydro: User-defined source term has been enrolled
Hydro: User-defined internal boundary condition has been enrolled
Main: Creating initial conditions.
Dump: Write file n 0...done in 1.33002 s.
Vtk: Write file n 0...done in 0.949859 s.
Main: Cycling Time Integrator...
TimeIntegrator:             time |            cycle |        time step |   cell updates/s | MPI overhead (%) |            div B |       RKL stages
TimeIntegrator:                0 |                0 |            1e-06 |              N/A |              N/A |      8.19832e-17 |                0
TimeIntegrator:       0.00905692 |              100 |      0.000159786 |      1.60027e+08 |          6.70081 |      6.29343e-14 |                6
TimeIntegrator:        0.0248664 |              200 |      0.000156199 |      1.37662e+08 |          7.00291 |      1.67638e-13 |                6
TimeIntegrator:        0.0404268 |              300 |      0.000155357 |      1.37653e+08 |          6.99399 |      2.48408e-13 |                6
TimeIntegrator:        0.0559571 |              400 |       0.00015522 |      1.37653e+08 |          6.98799 |      3.09608e-13 |                6
TimeIntegrator:        0.0714964 |              500 |      0.000155688 |       1.3762e+08 |          6.99512 |      3.09748e-13 |                6
TimeIntegrator:        0.0871453 |              600 |      0.000157299 |      1.37575e+08 |          6.98562 |      3.12627e-13 |                6
Vtk: Write file n 1...done in 0.854216 s.
Main: Reached t=0.1
Main: Completed in 39 seconds and 682 cycles
Main: Perfs are 1.37474e+08 cell updates/second
Profiler: maximum memory usage for Cuda memory space: 2030.11 MB.
Profiler: maximum memory usage for Host memory space: 602.625 MB.
Main: Job's done
Emf: Cleaning up MPI persistent communication channels
Mpi:: Cleaning up MPI persistent communication channels

BEGIN KOKKOS PROFILING REPORT:
TOTAL TIME: 42.9283 seconds
TOP-DOWN TIME TREE:
<average time> <percent of total time> <percent time in Kokkos> <percent MPI imbalance> <remainder> <kernels per second> <number of calls> <name> [type]
=================== 
|-> 3.81e+01 sec 88.9% 92.4% 0.0% 0.2% 7.94e+03 682 TimeIntegrator::Cycle [region]
|   |-> 2.15e+01 sec 50.1% 90.8% 0.0% 0.5% 9.90e+03 682 RKLegendre::Cycle [region]
|   |   |-> 1.37e+01 sec 31.9% 92.9% 0.0% 0.7% 7.35e+03 3280 RKLegendre::EvolveStage [region]
|   |   |   |-> 5.35e+00 sec 12.5% 96.6% 0.0% 1.2% 4.90e+03 9840 Hydro::CalcParabolicFlux [region]
|   |   |   |   |-> 4.70e+00 sec 10.9% 97.5% 0.0% 2.5% 3.49e+03 9840 Hydro::addNonIdealMHDFlux [region]
|   |   |   |   |   |-> 3.88e+00 sec 9.0% 100.0% 0.0% ------ 9840 CalcParabolicFlux [for]
|   |   |   |   |   |-> 4.96e-01 sec 1.2% 100.0% 0.5% ------ 3280 Ambipolar [for]
|   |   |   |   |   |-> 2.01e-01 sec 0.5% 100.0% 0.1% ------ 3280 Resistivity [for]
|   |   |   |   |-> 5.89e-01 sec 1.4% 100.0% 0.1% ------ 9840 HydroParabolicResetStage [for]
|   |   |   |-> 2.69e+00 sec 6.3% 98.8% 0.0% 1.2% 1.22e+03 3280 ElectroMotiveForce::CalcNonidealEMF [region]
|   |   |   |   |-> 2.66e+00 sec 6.2% 100.0% 0.0% ------ 3280 CalcNIEMF [for]
|   |   |   |-> 1.96e+00 sec 4.6% 93.4% 0.3% 6.6% 1.11e+04 9840 RKLegendre::CalcParabolicRHS [region]
|   |   |   |   |-> 9.60e-01 sec 2.2% 100.0% 0.1% ------ 9840 CalcRightHandSide [for]
|   |   |   |   |-> 7.16e-01 sec 1.7% 100.0% 0.2% ------ 9840 CalcTotalFlux [for]
|   |   |   |   |-> 1.51e-01 sec 0.4% 100.0% 0.2% ------ 2046 CalcDt [for]
|   |   |   |-> 8.64e-01 sec 2.0% 95.6% 0.2% 4.4% 3.80e+03 3280 ElectroMotiveForce::EvolveMagField [region]
|   |   |   |   |-> 8.26e-01 sec 1.9% 100.0% 0.2% ------ 3280 EvolvMagField [for]
|   |   |   |-> 7.51e-01 sec 1.8% 96.2% 0.1% 3.8% 4.37e+03 3280 RKLegendre::ResetStage [region]
|   |   |   |   |-> 7.23e-01 sec 1.7% 100.0% 0.1% ------ 3280 RKL_ResetStage [for]
|   |   |   |-> 7.31e-01 sec 1.7% 47.2% 0.8% 4.8% 4.04e+04 3280 Emf::EnforceEMFBoundary [region]
|   |   |   |   |-> 3.37e-01 sec 0.8% 46.0% 2.6% 54.0% 3.90e+04 3280 Emf::ExchangeX1 [region]
|   |   |   |   |   |-> 4.39e-02 sec 0.1% 100.0% 0.8% ------ 3280 LoadBufferX1Emfz [for]
|   |   |   |   |-> 3.08e-01 sec 0.7% 45.2% 1.0% 54.8% 4.26e+04 3280 Emf::ExchangeX3 [region]
|   |   |   |   |-> 5.14e-02 sec 0.1% 100.0% 0.6% ------ 3280 BoundaryEMFPeriodic [for]
|   |   |   |-> 6.43e-01 sec 1.5% 92.2% 0.1% 7.8% 1.53e+04 9840 RKLegendre::ResetFlux [region]
|   |   |   |   |-> 5.93e-01 sec 1.4% 100.0% 0.1% ------ 9840 RKL_ResetFlux [for]
|   |   |   |-> 5.87e-01 sec 1.4% 94.6% 0.1% 5.4% 5.59e+03 3280 Hydro::CalcCurrent [region]
|   |   |       |-> 5.55e-01 sec 1.3% 100.0% 0.1% ------ 3280 CalcCurrent [for]
|   |   |-> 3.34e+00 sec 7.8% 74.7% 0.2% 7.7% 2.85e+04 3280 Hydro::SetBoundary [region]
|   |   |   |-> 6.38e-01 sec 1.5% 57.8% 5.6% 42.2% 3.08e+04 3280 Mpi::ExchangeX1 [region]
|   |   |   |   |-> 1.16e-01 sec 0.3% 100.0% 1.9% ------ 3280 StoreBufferX1Vc [for]
|   |   |   |   |-> 7.44e-02 sec 0.2% 100.0% 11.0% ------ 3280 LoadBufferX1Vc [for]
|   |   |   |   |-> 4.63e-02 sec 0.1% 100.0% 1.2% ------ 3280 StoreBufferX1BX2s [for]
|   |   |   |   |-> 4.53e-02 sec 0.1% 100.0% 3.5% ------ 3280 LoadBufferX1BX2s [for]
|   |   |   |   |-> 4.43e-02 sec 0.1% 100.0% 2.2% ------ 3280 LoadBufferX1BX3s [for]
|   |   |   |-> 5.41e-01 sec 1.3% 46.3% 0.3% 53.7% 3.64e+04 3280 Mpi::ExchangeX3 [region]
|   |   |   |   |-> 5.11e-02 sec 0.1% 100.0% 0.9% ------ 3280 LoadBufferX3Vc [for]
|   |   |   |   |-> 4.89e-02 sec 0.1% 100.0% 1.0% ------ 3280 StoreBufferX3Vc [for]
|   |   |   |-> 5.10e-01 sec 1.2% 96.5% 0.2% 3.5% 6.43e+03 3280 Hydro::ReconstructVcField [region]
|   |   |   |   |-> 4.92e-01 sec 1.1% 100.0% 0.2% ------ 3280 ReconstructVcMagField [for]
|   |   |   |-> 4.14e-01 sec 1.0% 100.0% 9.6% ------ 3280 InternalBoundary [for]
|   |   |   |-> 3.50e-01 sec 0.8% 80.2% 0.4% 19.8% 2.81e+04 9840 Hydro::ReconstructNormalField [region]
|   |   |   |   |-> 1.21e-01 sec 0.3% 100.0% 0.8% ------ 3280 ReconstructBX2s [for]
|   |   |   |   |-> 1.01e-01 sec 0.2% 100.0% 0.9% ------ 3280 ReconstructBX1s [for]
|   |   |   |   |-> 5.90e-02 sec 0.1% 100.0% 1.1% ------ 3280 ReconstructBX3s [for]
|   |   |   |-> 1.67e-01 sec 0.4% 100.0% 1.9% ------ 9840 UserDefBoundary [for]
|   |   |   |-> 1.14e-01 sec 0.3% 100.0% 0.3% ------ 3280 BoundaryBegPeriodic [for]
|   |   |   |-> 1.13e-01 sec 0.3% 100.0% 0.2% ------ 3280 BoundaryEndPeriodic [for]
|   |   |   |-> 9.02e-02 sec 0.2% 100.0% 0.2% ------ 6560 BoundaryBegShearingBoxVs [for]
|   |   |   |-> 9.02e-02 sec 0.2% 100.0% 0.2% ------ 6560 BoundaryEndPeriodicVs [for]
|   |   |-> 1.27e+00 sec 3.0% 98.5% 0.1% 1.5% 2.59e+03 3280 Hydro::ConvertConsToPrim [region]
|   |   |   |-> 1.25e+00 sec 2.9% 100.0% 0.1% ------ 3280 ConsToPrim [for]
|   |   |-> 1.19e+00 sec 2.8% 100.0% 0.0% ------ 2598 RKL_Cycle_UpdateVs [for]
|   |   |-> 5.12e-01 sec 1.2% 96.5% 0.1% 3.5% 6.41e+03 3280 Hydro::ReconstructVcField [region]
|   |   |   |-> 4.93e-01 sec 1.1% 100.0% 0.1% ------ 3280 ReconstructVcMagField [for]
|   |   |-> 4.03e-01 sec 0.9% 100.0% 0.1% ------ 2598 RKL_Cycle_UpdateUc [for]
|   |   |-> 2.61e-01 sec 0.6% 98.4% 0.1% 1.6% 2.61e+03 682 Hydro::ConvertPrimToCons [region]
|   |   |   |-> 2.57e-01 sec 0.6% 100.0% 0.1% ------ 682 ConvertPrimToCons [for]
|   |   |-> 1.90e-01 sec 0.4% 100.0% 0.0% ------ 682 RKL_Cycle_InitVs1 [for]
|   |   |-> 1.76e-01 sec 0.4% 92.9% 0.2% 7.1% 3.88e+03 682 RKLegendre::ComputeDt [region]
|   |   |   |-> 1.63e-01 sec 0.4% 100.0% 0.1% ------ 682 RKL_Timestep_reduction [reduce]
|   |   |-> 1.10e-01 sec 0.3% 100.0% 0.0% ------ 682 "Hydro_Vs0"="Hydro_Vs" [copy]
|   |   |-> 1.09e-01 sec 0.3% 100.0% 0.1% ------ 682 "RKL_dB0"="RKL_dB" [copy]
|   |   |-> 8.48e-02 sec 0.2% 100.0% 0.1% ------ 1364 RKL_Copy [for]
|   |   |-> 6.63e-02 sec 0.2% 100.0% 0.1% ------ 682 RKL_Cycle_InitUc1 [for]
|   |-> 1.30e+01 sec 30.2% 96.4% 0.0% 0.3% 3.36e+03 1364 DataBlock::EvolveStage [region]
|   |   |-> 4.21e+00 sec 9.8% 98.0% 0.0% 2.0% 2.91e+03 4092 Hydro::CalcRightHandSide [region]
|   |   |   |-> 2.07e+00 sec 4.8% 100.0% 0.1% ------ 4092 CalcRightHandSide [for]
|   |   |   |-> 1.81e+00 sec 4.2% 100.0% 0.0% ------ 4092 CalcTotalFlux [for]
|   |   |   |-> 2.50e-01 sec 0.6% 100.0% 0.1% ------ 4092 Potential [for]
|   |   |-> 3.12e+00 sec 7.3% 98.3% 0.3% 0.5% 1.31e+03 4092 Hydro::CalcRiemannFlux [region]
|   |   |   |-> 3.11e+00 sec 7.2% 98.8% 0.3% 1.2% 1.32e+03 4092 Hydro::HLLD_MHD [region]
|   |   |       |-> 3.07e+00 sec 7.2% 100.0% 0.3% ------ 4092 CalcRiemannFlux [for]
|   |   |-> 2.64e+00 sec 6.1% 98.9% 0.0% 1.1% 1.55e+03 4092 Hydro::ExtrapolatePrimVar [region]
|   |   |   |-> 2.61e+00 sec 6.1% 100.0% 0.0% ------ 4092 ExtrapolatePrimVar [for]
|   |   |-> 1.61e+00 sec 3.8% 97.3% 0.2% 2.7% 3.38e+03 1364 ElectroMotiveForce::CalcCornerEMF [region]
|   |   |   |-> 8.13e-01 sec 1.9% 100.0% 0.4% ------ 1364 EMF_Integrate to Corner [for]
|   |   |   |-> 2.88e-01 sec 0.7% 100.0% 0.0% ------ 1364 CalcCenterEMF [for]
|   |   |   |-> 2.82e-01 sec 0.7% 100.0% 0.0% ------ 1364 EMF_ArithmeticAverage [for]
|   |   |   |-> 1.87e-01 sec 0.4% 100.0% 0.1% ------ 1364 EMF_Renormalize [for]
|   |   |-> 4.55e-01 sec 1.1% 96.1% 1.5% 3.9% 5.99e+03 1364 Hydro::AddSourceTerms [region]
|   |   |   |-> 2.57e-01 sec 0.6% 100.0% 0.1% ------ 1364 AddSourceTerms [for]
|   |   |   |-> 1.81e-01 sec 0.4% 100.0% 3.9% ------ 1364 MySourceTerm [for]
|   |   |-> 3.66e-01 sec 0.9% 95.6% 0.1% 4.4% 3.73e+03 1364 ElectroMotiveForce::EvolveMagField [region]
|   |   |   |-> 3.50e-01 sec 0.8% 100.0% 0.1% ------ 1364 EvolvMagField [for]
|   |   |-> 3.16e-01 sec 0.7% 45.9% 3.8% 4.7% 3.88e+04 1364 Emf::EnforceEMFBoundary [region]
|   |   |   |-> 1.47e-01 sec 0.3% 44.7% 8.5% 55.3% 3.70e+04 1364 Emf::ExchangeX1 [region]
|   |   |   |-> 1.33e-01 sec 0.3% 43.5% 4.5% 56.5% 4.12e+04 1364 Emf::ExchangeX3 [region]
|   |   |-> 2.14e-01 sec 0.5% 96.4% 0.0% 3.6% 6.38e+03 1364 Hydro::ReconstructVcField [region]
|   |       |-> 2.06e-01 sec 0.5% 100.0% 0.0% ------ 1364 ReconstructVcMagField [for]
|   |-> 1.41e+00 sec 3.3% 74.1% 0.5% 7.6% 2.80e+04 1364 Hydro::SetBoundary [region]
|   |   |-> 2.72e-01 sec 0.6% 56.6% 9.1% 43.4% 3.00e+04 1364 Mpi::ExchangeX1 [region]
|   |   |   |-> 4.83e-02 sec 0.1% 100.0% 2.0% ------ 1364 StoreBufferX1Vc [for]
|   |   |-> 2.32e-01 sec 0.5% 45.1% 2.7% 54.9% 3.53e+04 1364 Mpi::ExchangeX3 [region]
|   |   |-> 2.12e-01 sec 0.5% 96.5% 0.2% 3.5% 6.43e+03 1364 Hydro::ReconstructVcField [region]
|   |   |   |-> 2.05e-01 sec 0.5% 100.0% 0.2% ------ 1364 ReconstructVcMagField [for]
|   |   |-> 1.78e-01 sec 0.4% 100.0% 10.7% ------ 1364 InternalBoundary [for]
|   |   |-> 1.46e-01 sec 0.3% 80.1% 0.5% 19.9% 2.80e+04 4092 Hydro::ReconstructNormalField [region]
|   |   |   |-> 5.05e-02 sec 0.1% 100.0% 1.1% ------ 1364 ReconstructBX2s [for]
|   |   |-> 6.96e-02 sec 0.2% 100.0% 2.0% ------ 4092 UserDefBoundary [for]
|   |   |-> 4.73e-02 sec 0.1% 100.0% 0.4% ------ 1364 BoundaryBegPeriodic [for]
|   |   |-> 4.70e-02 sec 0.1% 100.0% 0.3% ------ 1364 BoundaryEndPeriodic [for]
|   |-> 5.33e-01 sec 1.2% 100.0% 0.0% ------ 1364 Cycle-update [for]
|   |-> 5.26e-01 sec 1.2% 98.4% 0.1% 1.6% 2.59e+03 1364 Hydro::ConvertConsToPrim [region]
|   |   |-> 5.18e-01 sec 1.2% 100.0% 0.1% ------ 1364 ConsToPrim [for]
|   |-> 5.23e-01 sec 1.2% 98.4% 0.1% 1.6% 2.61e+03 1364 Hydro::ConvertPrimToCons [region]
|   |   |-> 5.15e-01 sec 1.2% 100.0% 0.0% ------ 1364 ConvertPrimToCons [for]
|   |-> 2.63e-01 sec 0.6% 100.0% 0.0% ------ 682 "Hydro_Uc0"="Hydro_Uc" [copy]
|   |-> 1.84e-01 sec 0.4% 100.0% 0.1% ------ 682 Timestep_reduction [reduce]
|   |-> 1.09e-01 sec 0.3% 100.0% 0.1% ------ 682 "Hydro_Vs0"="Hydro_Vs" [copy]
|   |-> 4.54e-02 sec 0.1% 92.0% 0.2% 8.0% 1.50e+04 682 Hydro::ResetStage [region]
|-> 3.16e+00 sec 7.4% 21.0% 0.1% 0.3% 5.32e+01 683 Output::CheckForWrites [region]
|   |-> 1.81e+00 sec 4.2% 24.5% 0.1% 75.5% 5.31e+01 2 Vtk::Write [region]
|   |   |-> 2.55e-01 sec 0.6% 99.4% 1.1% 0.6% 3.14e+02 2 DataBlockHost::DataBlockHost(DataBlock) [region]
|   |   |   |-> 6.45e-02 sec 0.2% 100.0% 0.6% ------ 2 Kokkos::View::initialization [Hydro_Uc_mirror] [for]
|   |   |   |-> 6.44e-02 sec 0.2% 100.0% 0.6% ------ 2 Kokkos::View::initialization [Hydro_Vc_mirror] [for]
|   |   |-> 1.89e-01 sec 0.4% 99.9% 0.3% 0.1% 8.47e+01 2 DataBlockHost::SyncFromDevice() [region]
|   |       |-> 5.75e-02 sec 0.1% 100.0% 0.5% ------ 2 "Hydro_Vc_mirror"="Hydro_Vc" [copy]
|   |       |-> 5.75e-02 sec 0.1% 100.0% 0.4% ------ 2 "Hydro_Uc_mirror"="Hydro_Uc" [copy]
|   |-> 1.35e+00 sec 3.1% 16.4% 0.1% 83.5% 5.35e+01 1 Dump::Write [region]
|       |-> 1.27e-01 sec 0.3% 99.4% 0.5% 0.6% 3.14e+02 1 DataBlockHost::DataBlockHost(DataBlock) [region]
|       |-> 9.42e-02 sec 0.2% 99.9% 0.4% 0.1% 8.49e+01 1 DataBlockHost::SyncFromDevice() [region]
|-> 2.95e-01 sec 0.7% 82.8% 0.5% 16.8% 2.48e+02 1 Output::Output [region]
|   |-> 1.45e-01 sec 0.3% 99.4% 0.7% 0.6% 2.77e+02 1 DataBlockHost::DataBlockHost(DataBlock) [region]
|   |-> 9.42e-02 sec 0.2% 99.8% 0.7% 0.2% 8.50e+01 1 DataBlockHost::SyncFromDevice() [region]
|-> 1.28e-01 sec 0.3% 99.4% 0.9% 0.6% 3.11e+02 1 DataBlockHost::DataBlockHost(DataBlock) [region]
|-> 1.02e-01 sec 0.2% 99.8% 0.3% 0.2% 7.87e+01 1 DataBlockHost::SyncToDevice() [region]
|-> 8.30e-02 sec 0.2% 8.0% 47.2% 6.1% 1.32e+03 1 DataBlock::InitFromGrid [region]
|   |-> 7.62e-02 sec 0.2% 6.9% 51.2% 13.9% 5.51e+02 1 Hydro::Init [region]
|   |   |-> 6.17e-02 sec 0.1% 2.1% 62.7% 97.9% 4.38e+02 1 ElectroMotiveForce::Init [region]
|-> 4.64e-02 sec 0.1% 2.2% 74.5% 0.5% 6.26e+02 1 Hydro::SetBoundary [region]

BOTTOM-UP TIME TREE:
<average time> <percent of total time> <percent time in Kokkos> <percent MPI imbalance> <number of calls> <name> [type]
=================== 
|-> 3.88e+00 sec 9.0% 100.0% 0.0% ------ 9840 CalcParabolicFlux [for]
|   |-> 3.88e+00 sec 9.0% 100.0% 0.0% 0.0% 0.00e+00 9840 Hydro::addNonIdealMHDFlux [region]
|       |-> 3.88e+00 sec 9.0% 100.0% 0.0% 0.0% 0.00e+00 9840 Hydro::CalcParabolicFlux [region]
|           |-> 3.88e+00 sec 9.0% 100.0% 0.0% 0.0% 0.00e+00 9840 RKLegendre::EvolveStage [region]
|               |-> 3.88e+00 sec 9.0% 100.0% 0.0% 0.0% 0.00e+00 9840 RKLegendre::Cycle [region]
|                   |-> 3.88e+00 sec 9.0% 100.0% 0.0% 0.0% 0.00e+00 9840 TimeIntegrator::Cycle [region]
|-> 3.07e+00 sec 7.2% 100.0% 0.3% ------ 4092 CalcRiemannFlux [for]
|   |-> 3.07e+00 sec 7.2% 100.0% 0.3% 0.0% 0.00e+00 4092 Hydro::HLLD_MHD [region]
|       |-> 3.07e+00 sec 7.2% 100.0% 0.3% 0.0% 0.00e+00 4092 Hydro::CalcRiemannFlux [region]
|           |-> 3.07e+00 sec 7.2% 100.0% 0.3% 0.0% 0.00e+00 4092 DataBlock::EvolveStage [region]
|               |-> 3.07e+00 sec 7.2% 100.0% 0.3% 0.0% 0.00e+00 4092 TimeIntegrator::Cycle [region]
|-> 3.03e+00 sec 7.1% 100.0% 0.1% ------ 13932 CalcRightHandSide [for]
|   |-> 2.07e+00 sec 4.8% 100.0% 0.1% 0.0% 0.00e+00 4092 Hydro::CalcRightHandSide [region]
|   |   |-> 2.07e+00 sec 4.8% 100.0% 0.1% 0.0% 0.00e+00 4092 DataBlock::EvolveStage [region]
|   |       |-> 2.07e+00 sec 4.8% 100.0% 0.1% 0.0% 0.00e+00 4092 TimeIntegrator::Cycle [region]
|   |-> 9.60e-01 sec 2.2% 100.0% 0.1% 0.0% 0.00e+00 9840 RKLegendre::CalcParabolicRHS [region]
|       |-> 9.60e-01 sec 2.2% 100.0% 0.1% 0.0% 0.00e+00 9840 RKLegendre::EvolveStage [region]
|           |-> 9.60e-01 sec 2.2% 100.0% 0.1% 0.0% 0.00e+00 9840 RKLegendre::Cycle [region]
|               |-> 9.60e-01 sec 2.2% 100.0% 0.1% 0.0% 0.00e+00 9840 TimeIntegrator::Cycle [region]
|-> 2.66e+00 sec 6.2% 100.0% 0.0% ------ 3280 CalcNIEMF [for]
|   |-> 2.66e+00 sec 6.2% 100.0% 0.0% 0.0% 0.00e+00 3280 ElectroMotiveForce::CalcNonidealEMF [region]
|       |-> 2.66e+00 sec 6.2% 100.0% 0.0% 0.0% 0.00e+00 3280 RKLegendre::EvolveStage [region]
|           |-> 2.66e+00 sec 6.2% 100.0% 0.0% 0.0% 0.00e+00 3280 RKLegendre::Cycle [region]
|               |-> 2.66e+00 sec 6.2% 100.0% 0.0% 0.0% 0.00e+00 3280 TimeIntegrator::Cycle [region]
|-> 2.61e+00 sec 6.1% 100.0% 0.0% ------ 4092 ExtrapolatePrimVar [for]
|   |-> 2.61e+00 sec 6.1% 100.0% 0.0% 0.0% 0.00e+00 4092 Hydro::ExtrapolatePrimVar [region]
|       |-> 2.61e+00 sec 6.1% 100.0% 0.0% 0.0% 0.00e+00 4092 DataBlock::EvolveStage [region]
|           |-> 2.61e+00 sec 6.1% 100.0% 0.0% 0.0% 0.00e+00 4092 TimeIntegrator::Cycle [region]
|-> 2.52e+00 sec 5.9% 100.0% 0.1% ------ 13932 CalcTotalFlux [for]
|   |-> 1.81e+00 sec 4.2% 100.0% 0.0% 0.0% 0.00e+00 4092 Hydro::CalcRightHandSide [region]
|   |   |-> 1.81e+00 sec 4.2% 100.0% 0.0% 0.0% 0.00e+00 4092 DataBlock::EvolveStage [region]
|   |       |-> 1.81e+00 sec 4.2% 100.0% 0.0% 0.0% 0.00e+00 4092 TimeIntegrator::Cycle [region]
|   |-> 7.16e-01 sec 1.7% 100.0% 0.2% 0.0% 0.00e+00 9840 RKLegendre::CalcParabolicRHS [region]
|       |-> 7.16e-01 sec 1.7% 100.0% 0.2% 0.0% 0.00e+00 9840 RKLegendre::EvolveStage [region]
|           |-> 7.16e-01 sec 1.7% 100.0% 0.2% 0.0% 0.00e+00 9840 RKLegendre::Cycle [region]
|               |-> 7.16e-01 sec 1.7% 100.0% 0.2% 0.0% 0.00e+00 9840 TimeIntegrator::Cycle [region]
|-> 1.77e+00 sec 4.1% 100.0% 0.1% ------ 4644 ConsToPrim [for]
|   |-> 1.77e+00 sec 4.1% 100.0% 0.1% 0.0% 0.00e+00 4644 Hydro::ConvertConsToPrim [region]
|       |-> 1.25e+00 sec 2.9% 100.0% 0.1% 0.0% 0.00e+00 3280 RKLegendre::Cycle [region]
|       |   |-> 1.25e+00 sec 2.9% 100.0% 0.1% 0.0% 0.00e+00 3280 TimeIntegrator::Cycle [region]
|       |-> 5.18e-01 sec 1.2% 100.0% 0.1% 0.0% 0.00e+00 1364 TimeIntegrator::Cycle [region]
|-> 1.40e+00 sec 3.3% 100.0% 0.1% ------ 9289 ReconstructVcMagField [for]
|   |-> 1.40e+00 sec 3.3% 100.0% 0.1% 0.0% 0.00e+00 9289 Hydro::ReconstructVcField [region]
|       |-> 6.97e-01 sec 1.6% 100.0% 0.2% 0.0% 0.00e+00 4645 Hydro::SetBoundary [region]
|       |   |-> 4.92e-01 sec 1.1% 100.0% 0.2% 0.0% 0.00e+00 3280 RKLegendre::Cycle [region]
|       |   |   |-> 4.92e-01 sec 1.1% 100.0% 0.2% 0.0% 0.00e+00 3280 TimeIntegrator::Cycle [region]
|       |   |-> 2.05e-01 sec 0.5% 100.0% 0.2% 0.0% 0.00e+00 1364 TimeIntegrator::Cycle [region]
|       |-> 4.93e-01 sec 1.1% 100.0% 0.1% 0.0% 0.00e+00 3280 RKLegendre::Cycle [region]
|       |   |-> 4.93e-01 sec 1.1% 100.0% 0.1% 0.0% 0.00e+00 3280 TimeIntegrator::Cycle [region]
|       |-> 2.06e-01 sec 0.5% 100.0% 0.0% 0.0% 0.00e+00 1364 DataBlock::EvolveStage [region]
|           |-> 2.06e-01 sec 0.5% 100.0% 0.0% 0.0% 0.00e+00 1364 TimeIntegrator::Cycle [region]
|-> 1.36e+00 sec 3.2% 0.0% 0.4% 0.0% 0.00e+00 2 Vtk::Write [region]
|   |-> 1.36e+00 sec 3.2% 0.0% 0.4% 0.0% 0.00e+00 2 Output::CheckForWrites [region]
|-> 1.19e+00 sec 2.8% 100.0% 0.0% ------ 2598 RKL_Cycle_UpdateVs [for]
|   |-> 1.19e+00 sec 2.8% 100.0% 0.0% 0.0% 0.00e+00 2598 RKLegendre::Cycle [region]
|       |-> 1.19e+00 sec 2.8% 100.0% 0.0% 0.0% 0.00e+00 2598 TimeIntegrator::Cycle [region]
|-> 1.18e+00 sec 2.7% 100.0% 0.2% ------ 4644 EvolvMagField [for]
|   |-> 1.18e+00 sec 2.7% 100.0% 0.2% -0.0% 0.00e+00 4644 ElectroMotiveForce::EvolveMagField [region]
|       |-> 8.26e-01 sec 1.9% 100.0% 0.2% 0.0% 0.00e+00 3280 RKLegendre::EvolveStage [region]
|       |   |-> 8.26e-01 sec 1.9% 100.0% 0.2% 0.0% 0.00e+00 3280 RKLegendre::Cycle [region]
|       |       |-> 8.26e-01 sec 1.9% 100.0% 0.2% 0.0% 0.00e+00 3280 TimeIntegrator::Cycle [region]
|       |-> 3.50e-01 sec 0.8% 100.0% 0.1% 0.0% 0.00e+00 1364 DataBlock::EvolveStage [region]
|           |-> 3.50e-01 sec 0.8% 100.0% 0.1% 0.0% 0.00e+00 1364 TimeIntegrator::Cycle [region]
|-> 1.12e+00 sec 2.6% 0.0% 0.1% 0.0% 0.00e+00 1 Dump::Write [region]
|   |-> 1.12e+00 sec 2.6% 0.0% 0.1% 0.0% 0.00e+00 1 Output::CheckForWrites [region]
|-> 8.13e-01 sec 1.9% 100.0% 0.4% ------ 1364 EMF_Integrate to Corner [for]
|   |-> 8.13e-01 sec 1.9% 100.0% 0.4% 0.0% 0.00e+00 1364 ElectroMotiveForce::CalcCornerEMF [region]
|       |-> 8.13e-01 sec 1.9% 100.0% 0.4% 0.0% 0.00e+00 1364 DataBlock::EvolveStage [region]
|           |-> 8.13e-01 sec 1.9% 100.0% 0.4% 0.0% 0.00e+00 1364 TimeIntegrator::Cycle [region]
|-> 7.72e-01 sec 1.8% 100.0% 0.0% ------ 2046 ConvertPrimToCons [for]
|   |-> 7.72e-01 sec 1.8% 100.0% 0.0% 0.0% 0.00e+00 2046 Hydro::ConvertPrimToCons [region]
|       |-> 5.15e-01 sec 1.2% 100.0% 0.0% 0.0% 0.00e+00 1364 TimeIntegrator::Cycle [region]
|       |-> 2.57e-01 sec 0.6% 100.0% 0.1% 0.0% 0.00e+00 682 RKLegendre::Cycle [region]
|           |-> 2.57e-01 sec 0.6% 100.0% 0.1% 0.0% 0.00e+00 682 TimeIntegrator::Cycle [region]
|-> 7.23e-01 sec 1.7% 100.0% 0.1% ------ 3280 RKL_ResetStage [for]
|   |-> 7.23e-01 sec 1.7% 100.0% 0.1% 0.0% 0.00e+00 3280 RKLegendre::ResetStage [region]
|       |-> 7.23e-01 sec 1.7% 100.0% 0.1% 0.0% 0.00e+00 3280 RKLegendre::EvolveStage [region]
|           |-> 7.23e-01 sec 1.7% 100.0% 0.1% 0.0% 0.00e+00 3280 RKLegendre::Cycle [region]
|               |-> 7.23e-01 sec 1.7% 100.0% 0.1% 0.0% 0.00e+00 3280 TimeIntegrator::Cycle [region]
|-> 5.93e-01 sec 1.4% 100.0% 0.1% ------ 9840 RKL_ResetFlux [for]
|   |-> 5.93e-01 sec 1.4% 100.0% 0.1% 0.0% 0.00e+00 9840 RKLegendre::ResetFlux [region]
|       |-> 5.93e-01 sec 1.4% 100.0% 0.1% 0.0% 0.00e+00 9840 RKLegendre::EvolveStage [region]
|           |-> 5.93e-01 sec 1.4% 100.0% 0.1% 0.0% 0.00e+00 9840 RKLegendre::Cycle [region]
|               |-> 5.93e-01 sec 1.4% 100.0% 0.1% 0.0% 0.00e+00 9840 TimeIntegrator::Cycle [region]
|-> 5.92e-01 sec 1.4% 100.0% 9.9% ------ 4645 InternalBoundary [for]
|   |-> 5.92e-01 sec 1.4% 100.0% 9.9% -0.0% 0.00e+00 4645 Hydro::SetBoundary [region]
|       |-> 4.14e-01 sec 1.0% 100.0% 9.6% 0.0% 0.00e+00 3280 RKLegendre::Cycle [region]
|       |   |-> 4.14e-01 sec 1.0% 100.0% 9.6% 0.0% 0.00e+00 3280 TimeIntegrator::Cycle [region]
|       |-> 1.78e-01 sec 0.4% 100.0% 10.7% 0.0% 0.00e+00 1364 TimeIntegrator::Cycle [region]
|-> 5.89e-01 sec 1.4% 100.0% 0.1% ------ 9840 HydroParabolicResetStage [for]
|   |-> 5.89e-01 sec 1.4% 100.0% 0.1% 0.0% 0.00e+00 9840 Hydro::CalcParabolicFlux [region]
|       |-> 5.89e-01 sec 1.4% 100.0% 0.1% 0.0% 0.00e+00 9840 RKLegendre::EvolveStage [region]
|           |-> 5.89e-01 sec 1.4% 100.0% 0.1% 0.0% 0.00e+00 9840 RKLegendre::Cycle [region]
|               |-> 5.89e-01 sec 1.4% 100.0% 0.1% 0.0% 0.00e+00 9840 TimeIntegrator::Cycle [region]
|-> 5.55e-01 sec 1.3% 100.0% 0.1% ------ 3280 CalcCurrent [for]
|   |-> 5.55e-01 sec 1.3% 100.0% 0.1% 0.0% 0.00e+00 3280 Hydro::CalcCurrent [region]
|       |-> 5.55e-01 sec 1.3% 100.0% 0.1% 0.0% 0.00e+00 3280 RKLegendre::EvolveStage [region]
|           |-> 5.55e-01 sec 1.3% 100.0% 0.1% 0.0% 0.00e+00 3280 RKLegendre::Cycle [region]
|               |-> 5.55e-01 sec 1.3% 100.0% 0.1% 0.0% 0.00e+00 3280 TimeIntegrator::Cycle [region]
|-> 5.33e-01 sec 1.2% 100.0% 0.0% ------ 1364 Cycle-update [for]
|   |-> 5.33e-01 sec 1.2% 100.0% 0.0% 0.0% 0.00e+00 1364 TimeIntegrator::Cycle [region]
|-> 4.96e-01 sec 1.2% 100.0% 0.5% ------ 3280 Ambipolar [for]
|   |-> 4.96e-01 sec 1.2% 100.0% 0.5% 0.0% 0.00e+00 3280 Hydro::addNonIdealMHDFlux [region]
|       |-> 4.96e-01 sec 1.2% 100.0% 0.5% 0.0% 0.00e+00 3280 Hydro::CalcParabolicFlux [region]
|           |-> 4.96e-01 sec 1.2% 100.0% 0.5% 0.0% 0.00e+00 3280 RKLegendre::EvolveStage [region]
|               |-> 4.96e-01 sec 1.2% 100.0% 0.5% 0.0% 0.00e+00 3280 RKLegendre::Cycle [region]
|                   |-> 4.96e-01 sec 1.2% 100.0% 0.5% 0.0% 0.00e+00 3280 TimeIntegrator::Cycle [region]
|-> 4.40e-01 sec 1.0% 0.0% 6.5% 0.0% 0.00e+00 4645 Mpi::ExchangeX3 [region]
|   |-> 4.40e-01 sec 1.0% 0.0% 6.5% 0.0% 0.00e+00 4645 Hydro::SetBoundary [region]
|       |-> 2.90e-01 sec 0.7% 0.0% 0.7% 0.0% 0.00e+00 3280 RKLegendre::Cycle [region]
|       |   |-> 2.90e-01 sec 0.7% 0.0% 0.7% 0.0% 0.00e+00 3280 TimeIntegrator::Cycle [region]
|       |-> 1.27e-01 sec 0.3% 0.0% 4.8% 0.0% 0.00e+00 1364 TimeIntegrator::Cycle [region]
|-> 4.10e-01 sec 1.0% 0.0% 30.3% 0.0% 0.00e+00 4645 Mpi::ExchangeX1 [region]
|   |-> 4.10e-01 sec 1.0% 0.0% 30.3% -0.0% 0.00e+00 4645 Hydro::SetBoundary [region]
|       |-> 2.69e-01 sec 0.6% 0.0% 14.8% 0.0% 0.00e+00 3280 RKLegendre::Cycle [region]
|       |   |-> 2.69e-01 sec 0.6% 0.0% 14.8% 0.0% 0.00e+00 3280 TimeIntegrator::Cycle [region]
|       |-> 1.18e-01 sec 0.3% 0.0% 24.3% 0.0% 0.00e+00 1364 TimeIntegrator::Cycle [region]
|-> 4.03e-01 sec 0.9% 100.0% 0.1% ------ 2598 RKL_Cycle_UpdateUc [for]
|   |-> 4.03e-01 sec 0.9% 100.0% 0.1% 0.0% 0.00e+00 2598 RKLegendre::Cycle [region]
|       |-> 4.03e-01 sec 0.9% 100.0% 0.1% 0.0% 0.00e+00 2598 TimeIntegrator::Cycle [region]
|-> 2.88e-01 sec 0.7% 100.0% 0.0% ------ 1364 CalcCenterEMF [for]
|   |-> 2.88e-01 sec 0.7% 100.0% 0.0% 0.0% 0.00e+00 1364 ElectroMotiveForce::CalcCornerEMF [region]
|       |-> 2.88e-01 sec 0.7% 100.0% 0.0% 0.0% 0.00e+00 1364 DataBlock::EvolveStage [region]
|           |-> 2.88e-01 sec 0.7% 100.0% 0.0% 0.0% 0.00e+00 1364 TimeIntegrator::Cycle [region]
|-> 2.83e-01 sec 0.7% 0.0% 0.5% 0.0% 0.00e+00 4645 Hydro::SetBoundary [region]
|   |-> 2.00e-01 sec 0.5% 0.0% 0.6% 0.0% 0.00e+00 3280 RKLegendre::Cycle [region]
|   |   |-> 2.00e-01 sec 0.5% 0.0% 0.6% 0.0% 0.00e+00 3280 TimeIntegrator::Cycle [region]
|   |-> 8.35e-02 sec 0.2% 0.0% 0.4% 0.0% 0.00e+00 1364 TimeIntegrator::Cycle [region]
|-> 2.82e-01 sec 0.7% 100.0% 0.0% ------ 1364 EMF_ArithmeticAverage [for]
|   |-> 2.82e-01 sec 0.7% 100.0% 0.0% 0.0% 0.00e+00 1364 ElectroMotiveForce::CalcCornerEMF [region]
|       |-> 2.82e-01 sec 0.7% 100.0% 0.0% 0.0% 0.00e+00 1364 DataBlock::EvolveStage [region]
|           |-> 2.82e-01 sec 0.7% 100.0% 0.0% 0.0% 0.00e+00 1364 TimeIntegrator::Cycle [region]
|-> 2.63e-01 sec 0.6% 0.0% 5.0% 0.0% 0.00e+00 4644 Emf::ExchangeX1 [region]
|   |-> 2.63e-01 sec 0.6% 0.0% 5.0% 0.0% 0.00e+00 4644 Emf::EnforceEMFBoundary [region]
|       |-> 1.82e-01 sec 0.4% 0.0% 5.7% 0.0% 0.00e+00 3280 RKLegendre::EvolveStage [region]
|       |   |-> 1.82e-01 sec 0.4% 0.0% 5.7% 0.0% 0.00e+00 3280 RKLegendre::Cycle [region]
|       |       |-> 1.82e-01 sec 0.4% 0.0% 5.7% 0.0% 0.00e+00 3280 TimeIntegrator::Cycle [region]
|       |-> 8.16e-02 sec 0.2% 0.0% 14.3% 0.0% 0.00e+00 1364 DataBlock::EvolveStage [region]
|           |-> 8.16e-02 sec 0.2% 0.0% 14.3% 0.0% 0.00e+00 1364 TimeIntegrator::Cycle [region]
|-> 2.63e-01 sec 0.6% 100.0% 0.0% ------ 682 "Hydro_Uc0"="Hydro_Uc" [copy]
|   |-> 2.63e-01 sec 0.6% 100.0% 0.0% 0.0% 0.00e+00 682 TimeIntegrator::Cycle [region]
|-> 2.57e-01 sec 0.6% 100.0% 0.1% ------ 1364 AddSourceTerms [for]
|   |-> 2.57e-01 sec 0.6% 100.0% 0.1% 0.0% 0.00e+00 1364 Hydro::AddSourceTerms [region]
|       |-> 2.57e-01 sec 0.6% 100.0% 0.1% 0.0% 0.00e+00 1364 DataBlock::EvolveStage [region]
|           |-> 2.57e-01 sec 0.6% 100.0% 0.1% 0.0% 0.00e+00 1364 TimeIntegrator::Cycle [region]
|-> 2.50e-01 sec 0.6% 100.0% 0.1% ------ 4092 Potential [for]
|   |-> 2.50e-01 sec 0.6% 100.0% 0.1% 0.0% 0.00e+00 4092 Hydro::CalcRightHandSide [region]
|       |-> 2.50e-01 sec 0.6% 100.0% 0.1% 0.0% 0.00e+00 4092 DataBlock::EvolveStage [region]
|           |-> 2.50e-01 sec 0.6% 100.0% 0.1% 0.0% 0.00e+00 4092 TimeIntegrator::Cycle [region]
|-> 2.44e-01 sec 0.6% 0.0% 1.4% 0.0% 0.00e+00 4644 Emf::ExchangeX3 [region]
|   |-> 2.44e-01 sec 0.6% 0.0% 1.4% -0.0% 0.00e+00 4644 Emf::EnforceEMFBoundary [region]
|       |-> 1.69e-01 sec 0.4% 0.0% 2.5% 0.0% 0.00e+00 3280 RKLegendre::EvolveStage [region]
|       |   |-> 1.69e-01 sec 0.4% 0.0% 2.5% 0.0% 0.00e+00 3280 RKLegendre::Cycle [region]
|       |       |-> 1.69e-01 sec 0.4% 0.0% 2.5% 0.0% 0.00e+00 3280 TimeIntegrator::Cycle [region]
|       |-> 7.49e-02 sec 0.2% 0.0% 8.1% 0.0% 0.00e+00 1364 DataBlock::EvolveStage [region]
|           |-> 7.49e-02 sec 0.2% 0.0% 8.1% 0.0% 0.00e+00 1364 TimeIntegrator::Cycle [region]
|-> 2.36e-01 sec 0.6% 100.0% 1.9% ------ 13935 UserDefBoundary [for]
|   |-> 2.36e-01 sec 0.6% 100.0% 1.9% 0.0% 0.00e+00 13935 Hydro::SetBoundary [region]
|       |-> 1.67e-01 sec 0.4% 100.0% 1.9% 0.0% 0.00e+00 9840 RKLegendre::Cycle [region]
|       |   |-> 1.67e-01 sec 0.4% 100.0% 1.9% 0.0% 0.00e+00 9840 TimeIntegrator::Cycle [region]
|       |-> 6.96e-02 sec 0.2% 100.0% 2.0% 0.0% 0.00e+00 4092 TimeIntegrator::Cycle [region]
|-> 2.18e-01 sec 0.5% 100.0% 0.1% ------ 1364 "Hydro_Vs0"="Hydro_Vs" [copy]
|   |-> 1.10e-01 sec 0.3% 100.0% 0.0% 0.0% 0.00e+00 682 RKLegendre::Cycle [region]
|   |   |-> 1.10e-01 sec 0.3% 100.0% 0.0% 0.0% 0.00e+00 682 TimeIntegrator::Cycle [region]
|   |-> 1.09e-01 sec 0.3% 100.0% 0.1% 0.0% 0.00e+00 682 TimeIntegrator::Cycle [region]
|-> 2.01e-01 sec 0.5% 100.0% 0.1% ------ 3280 Resistivity [for]
|   |-> 2.01e-01 sec 0.5% 100.0% 0.1% 0.0% 0.00e+00 3280 Hydro::addNonIdealMHDFlux [region]
|       |-> 2.01e-01 sec 0.5% 100.0% 0.1% 0.0% 0.00e+00 3280 Hydro::CalcParabolicFlux [region]
|           |-> 2.01e-01 sec 0.5% 100.0% 0.1% 0.0% 0.00e+00 3280 RKLegendre::EvolveStage [region]
|               |-> 2.01e-01 sec 0.5% 100.0% 0.1% 0.0% 0.00e+00 3280 RKLegendre::Cycle [region]
|                   |-> 2.01e-01 sec 0.5% 100.0% 0.1% 0.0% 0.00e+00 3280 TimeIntegrator::Cycle [region]
|-> 1.90e-01 sec 0.4% 100.0% 0.0% ------ 682 RKL_Cycle_InitVs1 [for]
|   |-> 1.90e-01 sec 0.4% 100.0% 0.0% 0.0% 0.00e+00 682 RKLegendre::Cycle [region]
|       |-> 1.90e-01 sec 0.4% 100.0% 0.0% 0.0% 0.00e+00 682 TimeIntegrator::Cycle [region]
|-> 1.87e-01 sec 0.4% 100.0% 0.1% ------ 1364 EMF_Renormalize [for]
|   |-> 1.87e-01 sec 0.4% 100.0% 0.1% 0.0% 0.00e+00 1364 ElectroMotiveForce::CalcCornerEMF [region]
|       |-> 1.87e-01 sec 0.4% 100.0% 0.1% 0.0% 0.00e+00 1364 DataBlock::EvolveStage [region]
|           |-> 1.87e-01 sec 0.4% 100.0% 0.1% 0.0% 0.00e+00 1364 TimeIntegrator::Cycle [region]
|-> 1.84e-01 sec 0.4% 100.0% 0.1% ------ 682 Timestep_reduction [reduce]
|   |-> 1.84e-01 sec 0.4% 100.0% 0.1% 0.0% 0.00e+00 682 TimeIntegrator::Cycle [region]
|-> 1.81e-01 sec 0.4% 100.0% 3.9% ------ 1364 MySourceTerm [for]
|   |-> 1.81e-01 sec 0.4% 100.0% 3.9% 0.0% 0.00e+00 1364 Hydro::AddSourceTerms [region]
|       |-> 1.81e-01 sec 0.4% 100.0% 3.9% 0.0% 0.00e+00 1364 DataBlock::EvolveStage [region]
|           |-> 1.81e-01 sec 0.4% 100.0% 3.9% 0.0% 0.00e+00 1364 TimeIntegrator::Cycle [region]
|-> 1.72e-01 sec 0.4% 100.0% 0.8% ------ 4645 ReconstructBX2s [for]
|   |-> 1.72e-01 sec 0.4% 100.0% 0.8% 0.0% 0.00e+00 4645 Hydro::ReconstructNormalField [region]
|       |-> 1.72e-01 sec 0.4% 100.0% 0.8% 0.0% 0.00e+00 4645 Hydro::SetBoundary [region]
|           |-> 1.21e-01 sec 0.3% 100.0% 0.8% 0.0% 0.00e+00 3280 RKLegendre::Cycle [region]
|           |   |-> 1.21e-01 sec 0.3% 100.0% 0.8% 0.0% 0.00e+00 3280 TimeIntegrator::Cycle [region]
|           |-> 5.05e-02 sec 0.1% 100.0% 1.1% 0.0% 0.00e+00 1364 TimeIntegrator::Cycle [region]
|-> 1.64e-01 sec 0.4% 100.0% 1.9% ------ 4645 StoreBufferX1Vc [for]
|   |-> 1.64e-01 sec 0.4% 100.0% 1.9% 0.0% 0.00e+00 4645 Mpi::ExchangeX1 [region]
|       |-> 1.64e-01 sec 0.4% 100.0% 1.9% -0.0% 0.00e+00 4645 Hydro::SetBoundary [region]
|           |-> 1.16e-01 sec 0.3% 100.0% 1.9% 0.0% 0.00e+00 3280 RKLegendre::Cycle [region]
|           |   |-> 1.16e-01 sec 0.3% 100.0% 1.9% 0.0% 0.00e+00 3280 TimeIntegrator::Cycle [region]
|           |-> 4.83e-02 sec 0.1% 100.0% 2.0% 0.0% 0.00e+00 1364 TimeIntegrator::Cycle [region]
|-> 1.63e-01 sec 0.4% 100.0% 0.1% ------ 682 RKL_Timestep_reduction [reduce]
|   |-> 1.63e-01 sec 0.4% 100.0% 0.1% 0.0% 0.00e+00 682 RKLegendre::ComputeDt [region]
|       |-> 1.63e-01 sec 0.4% 100.0% 0.1% 0.0% 0.00e+00 682 RKLegendre::Cycle [region]
|           |-> 1.63e-01 sec 0.4% 100.0% 0.1% 0.0% 0.00e+00 682 TimeIntegrator::Cycle [region]
|-> 1.61e-01 sec 0.4% 100.0% 0.3% ------ 4645 BoundaryBegPeriodic [for]
|   |-> 1.61e-01 sec 0.4% 100.0% 0.3% 0.0% 0.00e+00 4645 Hydro::SetBoundary [region]
|       |-> 1.14e-01 sec 0.3% 100.0% 0.3% 0.0% 0.00e+00 3280 RKLegendre::Cycle [region]
|       |   |-> 1.14e-01 sec 0.3% 100.0% 0.3% 0.0% 0.00e+00 3280 TimeIntegrator::Cycle [region]
|       |-> 4.73e-02 sec 0.1% 100.0% 0.4% 0.0% 0.00e+00 1364 TimeIntegrator::Cycle [region]
|-> 1.61e-01 sec 0.4% 100.0% 0.3% ------ 5 Kokkos::View::initialization [Hydro_Uc_mirror] [for]
|   |-> 1.61e-01 sec 0.4% 100.0% 0.3% 0.0% 0.00e+00 5 DataBlockHost::DataBlockHost(DataBlock) [region]
|       |-> 6.45e-02 sec 0.2% 100.0% 0.6% 0.0% 0.00e+00 2 Vtk::Write [region]
|       |   |-> 6.45e-02 sec 0.2% 100.0% 0.6% 0.0% 0.00e+00 2 Output::CheckForWrites [region]
|-> 1.61e-01 sec 0.4% 100.0% 0.3% ------ 5 Kokkos::View::initialization [Hydro_Vc_mirror] [for]
|   |-> 1.61e-01 sec 0.4% 100.0% 0.3% -0.0% 0.00e+00 5 DataBlockHost::DataBlockHost(DataBlock) [region]
|       |-> 6.44e-02 sec 0.2% 100.0% 0.6% 0.0% 0.00e+00 2 Vtk::Write [region]
|       |   |-> 6.44e-02 sec 0.2% 100.0% 0.6% 0.0% 0.00e+00 2 Output::CheckForWrites [region]
|-> 1.60e-01 sec 0.4% 100.0% 0.2% ------ 4645 BoundaryEndPeriodic [for]
|   |-> 1.60e-01 sec 0.4% 100.0% 0.2% 0.0% 0.00e+00 4645 Hydro::SetBoundary [region]
|       |-> 1.13e-01 sec 0.3% 100.0% 0.2% 0.0% 0.00e+00 3280 RKLegendre::Cycle [region]
|       |   |-> 1.13e-01 sec 0.3% 100.0% 0.2% 0.0% 0.00e+00 3280 TimeIntegrator::Cycle [region]
|       |-> 4.70e-02 sec 0.1% 100.0% 0.3% 0.0% 0.00e+00 1364 TimeIntegrator::Cycle [region]
|-> 1.51e-01 sec 0.4% 100.0% 0.2% ------ 2046 CalcDt [for]
|   |-> 1.51e-01 sec 0.4% 100.0% 0.2% 0.0% 0.00e+00 2046 RKLegendre::CalcParabolicRHS [region]
|       |-> 1.51e-01 sec 0.4% 100.0% 0.2% 0.0% 0.00e+00 2046 RKLegendre::EvolveStage [region]
|           |-> 1.51e-01 sec 0.4% 100.0% 0.2% 0.0% 0.00e+00 2046 RKLegendre::Cycle [region]
|               |-> 1.51e-01 sec 0.4% 100.0% 0.2% 0.0% 0.00e+00 2046 TimeIntegrator::Cycle [region]
|-> 1.43e-01 sec 0.3% 100.0% 0.9% ------ 4645 ReconstructBX1s [for]
|   |-> 1.43e-01 sec 0.3% 100.0% 0.9% 0.0% 0.00e+00 4645 Hydro::ReconstructNormalField [region]
|       |-> 1.43e-01 sec 0.3% 100.0% 0.9% 0.0% 0.00e+00 4645 Hydro::SetBoundary [region]
|           |-> 1.01e-01 sec 0.2% 100.0% 0.9% 0.0% 0.00e+00 3280 RKLegendre::Cycle [region]
|           |   |-> 1.01e-01 sec 0.2% 100.0% 0.9% 0.0% 0.00e+00 3280 TimeIntegrator::Cycle [region]
|-> 1.30e-01 sec 0.3% 0.0% 1.7% 0.0% 0.00e+00 9840 RKLegendre::CalcParabolicRHS [region]
|   |-> 1.30e-01 sec 0.3% 0.0% 1.7% 0.0% 0.00e+00 9840 RKLegendre::EvolveStage [region]
|       |-> 1.30e-01 sec 0.3% 0.0% 1.7% 0.0% 0.00e+00 9840 RKLegendre::Cycle [region]
|           |-> 1.30e-01 sec 0.3% 0.0% 1.7% 0.0% 0.00e+00 9840 TimeIntegrator::Cycle [region]
|-> 1.28e-01 sec 0.3% 100.0% 0.3% ------ 9290 BoundaryBegShearingBoxVs [for]
|   |-> 1.28e-01 sec 0.3% 100.0% 0.3% 0.0% 0.00e+00 9290 Hydro::SetBoundary [region]
|       |-> 9.02e-02 sec 0.2% 100.0% 0.2% 0.0% 0.00e+00 6560 RKLegendre::Cycle [region]
|       |   |-> 9.02e-02 sec 0.2% 100.0% 0.2% 0.0% 0.00e+00 6560 TimeIntegrator::Cycle [region]
|-> 1.28e-01 sec 0.3% 100.0% 0.2% ------ 9290 BoundaryEndPeriodicVs [for]
|   |-> 1.28e-01 sec 0.3% 100.0% 0.2% 0.0% 0.00e+00 9290 Hydro::SetBoundary [region]
|       |-> 9.02e-02 sec 0.2% 100.0% 0.2% 0.0% 0.00e+00 6560 RKLegendre::Cycle [region]
|       |   |-> 9.02e-02 sec 0.2% 100.0% 0.2% 0.0% 0.00e+00 6560 TimeIntegrator::Cycle [region]
|-> 1.17e-01 sec 0.3% 0.0% 0.6% 0.0% 0.00e+00 9840 Hydro::addNonIdealMHDFlux [region]
|   |-> 1.17e-01 sec 0.3% 0.0% 0.6% 0.0% 0.00e+00 9840 Hydro::CalcParabolicFlux [region]
|       |-> 1.17e-01 sec 0.3% 0.0% 0.6% 0.0% 0.00e+00 9840 RKLegendre::EvolveStage [region]
|           |-> 1.17e-01 sec 0.3% 0.0% 0.6% 0.0% 0.00e+00 9840 RKLegendre::Cycle [region]
|               |-> 1.17e-01 sec 0.3% 0.0% 0.6% 0.0% 0.00e+00 9840 TimeIntegrator::Cycle [region]
|-> 1.15e-01 sec 0.3% 100.0% 0.4% ------ 4 "Hydro_Vc_mirror"="Hydro_Vc" [copy]
|   |-> 1.15e-01 sec 0.3% 100.0% 0.4% 0.0% 0.00e+00 4 DataBlockHost::SyncFromDevice() [region]
|       |-> 5.75e-02 sec 0.1% 100.0% 0.5% 0.0% 0.00e+00 2 Vtk::Write [region]
|       |   |-> 5.75e-02 sec 0.1% 100.0% 0.5% 0.0% 0.00e+00 2 Output::CheckForWrites [region]
|-> 1.15e-01 sec 0.3% 100.0% 0.5% ------ 4 "Hydro_Uc_mirror"="Hydro_Uc" [copy]
|   |-> 1.15e-01 sec 0.3% 100.0% 0.5% 0.0% 0.00e+00 4 DataBlockHost::SyncFromDevice() [region]
|       |-> 5.75e-02 sec 0.1% 100.0% 0.4% 0.0% 0.00e+00 2 Vtk::Write [region]
|       |   |-> 5.75e-02 sec 0.1% 100.0% 0.4% 0.0% 0.00e+00 2 Output::CheckForWrites [region]
|-> 1.09e-01 sec 0.3% 100.0% 0.1% ------ 682 "RKL_dB0"="RKL_dB" [copy]
|   |-> 1.09e-01 sec 0.3% 100.0% 0.1% 0.0% 0.00e+00 682 RKLegendre::Cycle [region]
|       |-> 1.09e-01 sec 0.3% 100.0% 0.1% 0.0% 0.00e+00 682 TimeIntegrator::Cycle [region]
|-> 1.08e-01 sec 0.3% 0.0% 0.4% 0.0% 0.00e+00 682 RKLegendre::Cycle [region]
|   |-> 1.08e-01 sec 0.3% 0.0% 0.4% 0.0% 0.00e+00 682 TimeIntegrator::Cycle [region]
|-> 1.06e-01 sec 0.2% 100.0% 11.1% ------ 4645 LoadBufferX1Vc [for]
|   |-> 1.06e-01 sec 0.2% 100.0% 11.1% 0.0% 0.00e+00 4645 Mpi::ExchangeX1 [region]
|       |-> 1.06e-01 sec 0.2% 100.0% 11.1% 0.0% 0.00e+00 4645 Hydro::SetBoundary [region]
|           |-> 7.44e-02 sec 0.2% 100.0% 11.0% 0.0% 0.00e+00 3280 RKLegendre::Cycle [region]
|           |   |-> 7.44e-02 sec 0.2% 100.0% 11.0% 0.0% 0.00e+00 3280 TimeIntegrator::Cycle [region]
|-> 9.86e-02 sec 0.2% 0.0% 0.9% 0.0% 0.00e+00 13935 Hydro::ReconstructNormalField [region]
|   |-> 9.86e-02 sec 0.2% 0.0% 0.9% 0.0% 0.00e+00 13935 Hydro::SetBoundary [region]
|       |-> 6.94e-02 sec 0.2% 0.0% 0.7% 0.0% 0.00e+00 9840 RKLegendre::Cycle [region]
|       |   |-> 6.94e-02 sec 0.2% 0.0% 0.7% 0.0% 0.00e+00 9840 TimeIntegrator::Cycle [region]
|-> 9.49e-02 sec 0.2% 0.0% 0.5% 0.0% 0.00e+00 3280 RKLegendre::EvolveStage [region]
|   |-> 9.49e-02 sec 0.2% 0.0% 0.5% 0.0% 0.00e+00 3280 RKLegendre::Cycle [region]
|       |-> 9.49e-02 sec 0.2% 0.0% 0.5% 0.0% 0.00e+00 3280 TimeIntegrator::Cycle [region]
|-> 8.57e-02 sec 0.2% 0.0% 0.3% 0.0% 0.00e+00 4092 Hydro::CalcRightHandSide [region]
|   |-> 8.57e-02 sec 0.2% 0.0% 0.3% 0.0% 0.00e+00 4092 DataBlock::EvolveStage [region]
|       |-> 8.57e-02 sec 0.2% 0.0% 0.3% 0.0% 0.00e+00 4092 TimeIntegrator::Cycle [region]
|-> 8.48e-02 sec 0.2% 100.0% 0.1% ------ 1364 RKL_Copy [for]
|   |-> 8.48e-02 sec 0.2% 100.0% 0.1% 0.0% 0.00e+00 1364 RKLegendre::Cycle [region]
|       |-> 8.48e-02 sec 0.2% 100.0% 0.1% 0.0% 0.00e+00 1364 TimeIntegrator::Cycle [region]
|-> 8.37e-02 sec 0.2% 100.0% 1.0% ------ 4645 ReconstructBX3s [for]
|   |-> 8.37e-02 sec 0.2% 100.0% 1.0% 0.0% 0.00e+00 4645 Hydro::ReconstructNormalField [region]
|       |-> 8.37e-02 sec 0.2% 100.0% 1.0% 0.0% 0.00e+00 4645 Hydro::SetBoundary [region]
|           |-> 5.90e-02 sec 0.1% 100.0% 1.1% 0.0% 0.00e+00 3280 RKLegendre::Cycle [region]
|           |   |-> 5.90e-02 sec 0.1% 100.0% 1.1% 0.0% 0.00e+00 3280 TimeIntegrator::Cycle [region]
|-> 7.31e-02 sec 0.2% 100.0% 0.6% ------ 4644 BoundaryEMFPeriodic [for]
|   |-> 7.31e-02 sec 0.2% 100.0% 0.6% 0.0% 0.00e+00 4644 Emf::EnforceEMFBoundary [region]
|       |-> 5.14e-02 sec 0.1% 100.0% 0.6% 0.0% 0.00e+00 3280 RKLegendre::EvolveStage [region]
|       |   |-> 5.14e-02 sec 0.1% 100.0% 0.6% 0.0% 0.00e+00 3280 RKLegendre::Cycle [region]
|       |       |-> 5.14e-02 sec 0.1% 100.0% 0.6% 0.0% 0.00e+00 3280 TimeIntegrator::Cycle [region]
|-> 7.24e-02 sec 0.2% 100.0% 0.8% ------ 4645 LoadBufferX3Vc [for]
|   |-> 7.24e-02 sec 0.2% 100.0% 0.8% 0.0% 0.00e+00 4645 Mpi::ExchangeX3 [region]
|       |-> 7.24e-02 sec 0.2% 100.0% 0.8% 0.0% 0.00e+00 4645 Hydro::SetBoundary [region]
|           |-> 5.11e-02 sec 0.1% 100.0% 0.9% 0.0% 0.00e+00 3280 RKLegendre::Cycle [region]
|           |   |-> 5.11e-02 sec 0.1% 100.0% 0.9% 0.0% 0.00e+00 3280 TimeIntegrator::Cycle [region]
|-> 6.93e-02 sec 0.2% 100.0% 1.0% ------ 4645 StoreBufferX3Vc [for]
|   |-> 6.93e-02 sec 0.2% 100.0% 1.0% 0.0% 0.00e+00 4645 Mpi::ExchangeX3 [region]
|       |-> 6.93e-02 sec 0.2% 100.0% 1.0% 0.0% 0.00e+00 4645 Hydro::SetBoundary [region]
|           |-> 4.89e-02 sec 0.1% 100.0% 1.0% 0.0% 0.00e+00 3280 RKLegendre::Cycle [region]
|           |   |-> 4.89e-02 sec 0.1% 100.0% 1.0% 0.0% 0.00e+00 3280 TimeIntegrator::Cycle [region]
|-> 6.86e-02 sec 0.2% 0.0% 13.7% 0.0% 0.00e+00 682 TimeIntegrator::Cycle [region]
|-> 6.63e-02 sec 0.2% 100.0% 0.1% ------ 682 RKL_Cycle_InitUc1 [for]
|   |-> 6.63e-02 sec 0.2% 100.0% 0.1% 0.0% 0.00e+00 682 RKLegendre::Cycle [region]
|       |-> 6.63e-02 sec 0.2% 100.0% 0.1% 0.0% 0.00e+00 682 TimeIntegrator::Cycle [region]
|-> 6.60e-02 sec 0.2% 0.0% 0.7% 0.0% 0.00e+00 9840 Hydro::CalcParabolicFlux [region]
|   |-> 6.60e-02 sec 0.2% 0.0% 0.7% 0.0% 0.00e+00 9840 RKLegendre::EvolveStage [region]
|       |-> 6.60e-02 sec 0.2% 0.0% 0.7% 0.0% 0.00e+00 9840 RKLegendre::Cycle [region]
|           |-> 6.60e-02 sec 0.2% 0.0% 0.7% 0.0% 0.00e+00 9840 TimeIntegrator::Cycle [region]
|-> 6.58e-02 sec 0.2% 100.0% 0.8% ------ 5 Kokkos::View::initialization [Hydro_Vs_mirror] [for]
|   |-> 6.58e-02 sec 0.2% 100.0% 0.8% 0.0% 0.00e+00 5 DataBlockHost::DataBlockHost(DataBlock) [region]
|-> 6.56e-02 sec 0.2% 100.0% 1.2% ------ 4645 StoreBufferX1BX2s [for]
|   |-> 6.56e-02 sec 0.2% 100.0% 1.2% 0.0% 0.00e+00 4645 Mpi::ExchangeX1 [region]
|       |-> 6.56e-02 sec 0.2% 100.0% 1.2% 0.0% 0.00e+00 4645 Hydro::SetBoundary [region]
|           |-> 4.63e-02 sec 0.1% 100.0% 1.2% 0.0% 0.00e+00 3280 RKLegendre::Cycle [region]
|           |   |-> 4.63e-02 sec 0.1% 100.0% 1.2% 0.0% 0.00e+00 3280 TimeIntegrator::Cycle [region]
|-> 6.44e-02 sec 0.1% 100.0% 3.7% ------ 4645 LoadBufferX1BX2s [for]
|   |-> 6.44e-02 sec 0.1% 100.0% 3.7% 0.0% 0.00e+00 4645 Mpi::ExchangeX1 [region]
|       |-> 6.44e-02 sec 0.1% 100.0% 3.7% 0.0% 0.00e+00 4645 Hydro::SetBoundary [region]
|           |-> 4.53e-02 sec 0.1% 100.0% 3.5% 0.0% 0.00e+00 3280 RKLegendre::Cycle [region]
|           |   |-> 4.53e-02 sec 0.1% 100.0% 3.5% 0.0% 0.00e+00 3280 TimeIntegrator::Cycle [region]
|-> 6.29e-02 sec 0.1% 100.0% 2.3% ------ 4645 LoadBufferX1BX3s [for]
|   |-> 6.29e-02 sec 0.1% 100.0% 2.3% 0.0% 0.00e+00 4645 Mpi::ExchangeX1 [region]
|       |-> 6.29e-02 sec 0.1% 100.0% 2.3% 0.0% 0.00e+00 4645 Hydro::SetBoundary [region]
|           |-> 4.43e-02 sec 0.1% 100.0% 2.2% 0.0% 0.00e+00 3280 RKLegendre::Cycle [region]
|           |   |-> 4.43e-02 sec 0.1% 100.0% 2.2% 0.0% 0.00e+00 3280 TimeIntegrator::Cycle [region]
|-> 6.20e-02 sec 0.1% 100.0% 0.9% ------ 4644 LoadBufferX1Emfz [for]
|   |-> 6.20e-02 sec 0.1% 100.0% 0.9% 0.0% 0.00e+00 4644 Emf::ExchangeX1 [region]
|       |-> 6.20e-02 sec 0.1% 100.0% 0.9% 0.0% 0.00e+00 4644 Emf::EnforceEMFBoundary [region]
|           |-> 4.39e-02 sec 0.1% 100.0% 0.8% 0.0% 0.00e+00 3280 RKLegendre::EvolveStage [region]
|           |   |-> 4.39e-02 sec 0.1% 100.0% 0.8% 0.0% 0.00e+00 3280 RKLegendre::Cycle [region]
|           |       |-> 4.39e-02 sec 0.1% 100.0% 0.8% 0.0% 0.00e+00 3280 TimeIntegrator::Cycle [region]
|-> 6.12e-02 sec 0.1% 100.0% 5.0% ------ 5 Kokkos::View::initialization [Hydro_J_mirror] [for]
|   |-> 6.12e-02 sec 0.1% 100.0% 5.0% 0.0% 0.00e+00 5 DataBlockHost::DataBlockHost(DataBlock) [region]
|-> 6.04e-02 sec 0.1% 0.0% 64.0% 0.0% 0.00e+00 1 ElectroMotiveForce::Init [region]
|   |-> 6.04e-02 sec 0.1% 0.0% 64.0% 0.0% 0.00e+00 1 Hydro::Init [region]
|       |-> 6.04e-02 sec 0.1% 0.0% 64.0% 0.0% 0.00e+00 1 DataBlock::InitFromGrid [region]
|-> 6.04e-02 sec 0.1% 100.0% 0.5% ------ 4645 StoreBufferX1BX3s [for]
|   |-> 6.04e-02 sec 0.1% 100.0% 0.5% 0.0% 0.00e+00 4645 Mpi::ExchangeX1 [region]
|       |-> 6.04e-02 sec 0.1% 100.0% 0.5% 0.0% 0.00e+00 4645 Hydro::SetBoundary [region]
|-> 5.95e-02 sec 0.1% 100.0% 1.1% ------ 4644 LoadBufferX1Emfy [for]
|   |-> 5.95e-02 sec 0.1% 100.0% 1.1% 0.0% 0.00e+00 4644 Emf::ExchangeX1 [region]
|       |-> 5.95e-02 sec 0.1% 100.0% 1.1% -0.0% 0.00e+00 4644 Emf::EnforceEMFBoundary [region]
|-> 5.75e-02 sec 0.1% 100.0% 0.6% ------ 15 "DataBlock_A_mirror"="DataBlock_A" [copy]
|   |-> 5.75e-02 sec 0.1% 100.0% 0.6% 0.0% 0.00e+00 15 DataBlockHost::DataBlockHost(DataBlock) [region]
|-> 5.50e-02 sec 0.1% 100.0% 0.6% ------ 4645 LoadBufferX3BX1s [for]
|   |-> 5.50e-02 sec 0.1% 100.0% 0.6% 0.0% 0.00e+00 4645 Mpi::ExchangeX3 [region]
|       |-> 5.50e-02 sec 0.1% 100.0% 0.6% -0.0% 0.00e+00 4645 Hydro::SetBoundary [region]
|-> 5.43e-02 sec 0.1% 0.0% 0.8% 0.0% 0.00e+00 4644 ElectroMotiveForce::EvolveMagField [region]
|-> 5.37e-02 sec 0.1% 100.0% 0.2% ------ 4645 LoadBufferX3BX2s [for]
|   |-> 5.37e-02 sec 0.1% 100.0% 0.2% 0.0% 0.00e+00 4645 Mpi::ExchangeX3 [region]
|       |-> 5.37e-02 sec 0.1% 100.0% 0.2% -0.0% 0.00e+00 4645 Hydro::SetBoundary [region]
|-> 5.26e-02 sec 0.1% 100.0% 1.2% ------ 4645 StoreBufferX3BX1s [for]
|   |-> 5.26e-02 sec 0.1% 100.0% 1.2% 0.0% 0.00e+00 4645 Mpi::ExchangeX3 [region]
|       |-> 5.26e-02 sec 0.1% 100.0% 1.2% 0.0% 0.00e+00 4645 Hydro::SetBoundary [region]
|-> 5.20e-02 sec 0.1% 100.0% 0.2% ------ 4645 StoreBufferX3BX2s [for]
|   |-> 5.20e-02 sec 0.1% 100.0% 0.2% 0.0% 0.00e+00 4645 Mpi::ExchangeX3 [region]
|       |-> 5.20e-02 sec 0.1% 100.0% 0.2% 0.0% 0.00e+00 4645 Hydro::SetBoundary [region]
|-> 5.10e-02 sec 0.1% 100.0% 3.1% ------ 4644 StoreBufferX1Emfz [for]
|   |-> 5.10e-02 sec 0.1% 100.0% 3.1% 0.0% 0.00e+00 4644 Emf::ExchangeX1 [region]
|       |-> 5.10e-02 sec 0.1% 100.0% 3.1% 0.0% 0.00e+00 4644 Emf::EnforceEMFBoundary [region]
|-> 5.10e-02 sec 0.1% 100.0% 2.0% ------ 4644 LoadBufferX3Emfx [for]
|   |-> 5.10e-02 sec 0.1% 100.0% 2.0% 0.0% 0.00e+00 4644 Emf::ExchangeX3 [region]
|       |-> 5.10e-02 sec 0.1% 100.0% 2.0% 0.0% 0.00e+00 4644 Emf::EnforceEMFBoundary [region]
|-> 5.07e-02 sec 0.1% 0.0% 0.8% 0.0% 0.00e+00 9289 Hydro::ReconstructVcField [region]
|-> 5.00e-02 sec 0.1% 0.0% 0.6% 0.0% 0.00e+00 9840 RKLegendre::ResetFlux [region]
|   |-> 5.00e-02 sec 0.1% 0.0% 0.6% 0.0% 0.00e+00 9840 RKLegendre::EvolveStage [region]
|       |-> 5.00e-02 sec 0.1% 0.0% 0.6% 0.0% 0.00e+00 9840 RKLegendre::Cycle [region]
|           |-> 5.00e-02 sec 0.1% 0.0% 0.6% 0.0% 0.00e+00 9840 TimeIntegrator::Cycle [region]
|-> 4.98e-02 sec 0.1% 0.0% 1.1% 0.0% 0.00e+00 4644 Emf::EnforceEMFBoundary [region]
|-> 4.95e-02 sec 0.1% 100.0% 0.7% ------ 4644 LoadBufferX3Emfy [for]
|   |-> 4.95e-02 sec 0.1% 100.0% 0.7% 0.0% 0.00e+00 4644 Emf::ExchangeX3 [region]
|       |-> 4.95e-02 sec 0.1% 100.0% 0.7% -0.0% 0.00e+00 4644 Emf::EnforceEMFBoundary [region]
|-> 4.94e-02 sec 0.1% 0.0% 0.4% 0.0% 0.00e+00 1 Output::Output [region]
|-> 4.93e-02 sec 0.1% 100.0% 1.0% ------ 4644 StoreBufferX3Emfx [for]
|   |-> 4.93e-02 sec 0.1% 100.0% 1.0% 0.0% 0.00e+00 4644 Emf::ExchangeX3 [region]
|       |-> 4.93e-02 sec 0.1% 100.0% 1.0% -0.0% 0.00e+00 4644 Emf::EnforceEMFBoundary [region]
|-> 4.82e-02 sec 0.1% 100.0% 2.2% ------ 4644 StoreBufferX1Emfy [for]
|   |-> 4.82e-02 sec 0.1% 100.0% 2.2% 0.0% 0.00e+00 4644 Emf::ExchangeX1 [region]
|       |-> 4.82e-02 sec 0.1% 100.0% 2.2% 0.0% 0.00e+00 4644 Emf::EnforceEMFBoundary [region]
|-> 4.71e-02 sec 0.1% 100.0% 0.7% ------ 4644 StoreBufferX3Emfy [for]
|   |-> 4.71e-02 sec 0.1% 100.0% 0.7% 0.0% 0.00e+00 4644 Emf::ExchangeX3 [region]
|       |-> 4.71e-02 sec 0.1% 100.0% 0.7% 0.0% 0.00e+00 4644 Emf::EnforceEMFBoundary [region]
|-> 4.69e-02 sec 0.1% 100.0% 2.3% ------ 15 Kokkos::View::initialization [DataBlock_A_mirror] [for]
|   |-> 4.69e-02 sec 0.1% 100.0% 2.3% 0.0% 0.00e+00 15 DataBlockHost::DataBlockHost(DataBlock) [region]
|-> 4.58e-02 sec 0.1% 100.0% 100.1% ------ 9290 BoundaryBegOutflowVs [for]
|   |-> 4.58e-02 sec 0.1% 100.0% 100.1% 0.0% 0.00e+00 9290 Hydro::SetBoundary [region]
|-> 4.50e-02 sec 0.1% 100.0% 0.5% ------ 4 "Hydro_Vs_mirror"="Hydro_Vs" [copy]
|   |-> 4.50e-02 sec 0.1% 100.0% 0.5% -0.0% 0.00e+00 4 DataBlockHost::SyncFromDevice() [region]
|-> 4.41e-02 sec 0.1% 0.0% 0.5% 0.0% 0.00e+00 1364 ElectroMotiveForce::CalcCornerEMF [region]
|   |-> 4.41e-02 sec 0.1% 0.0% 0.5% 0.0% 0.00e+00 1364 DataBlock::EvolveStage [region]
|       |-> 4.41e-02 sec 0.1% 0.0% 0.5% 0.0% 0.00e+00 1364 TimeIntegrator::Cycle [region]
|-> 4.34e-02 sec 0.1% 100.0% 0.6% ------ 4 "Hydro_J_mirror"="Hydro_J" [copy]
|   |-> 4.34e-02 sec 0.1% 100.0% 0.6% 0.0% 0.00e+00 4 DataBlockHost::SyncFromDevice() [region]

KOKKOS HOST SPACE:
=================== 
MAX MEMORY ALLOCATED: 0.0 kB
MPI RANK WITH MAX MEMORY: 0
ALLOCATIONS AT TIME OF HIGH WATER MARK:

KOKKOS CUDA SPACE:
=================== 
MAX MEMORY ALLOCATED: 0.0 kB
MPI RANK WITH MAX MEMORY: 0
ALLOCATIONS AT TIME OF HIGH WATER MARK:

Host process high water mark memory consumption: 829920 kB
  Max: 829920, Min: 797208, Ave: 805442 kB

END KOKKOS PROFILING REPORT.
Checking results consistency
nx=641, ny=33, nz=385
nx=641, ny=33, nz=385
Error on RHO=0.000000e+00
Error on VX1=1.498823e-16
Error on VX2=0.000000e+00
Error on VX3=1.449296e-14
Error on BX1=7.527495e-18
Error on BX2=1.200744e-17
Error on BX3=0.000000e+00
Error on PRS=0.000000e+00
SUCCESS!
